<?xml version="1.0" encoding="UTF-8"?>
<testsuite name="au.org.ala.ecodata.ProjectActivityServiceIntegrationSpec" tests="2" skipped="0" failures="0" errors="0" timestamp="2020-02-05T12:10:50" hostname="canmove-dev" time="0.288">
  <properties/>
  <testcase name="delete should soft delete the project and all related records when destroy = false" classname="au.org.ala.ecodata.ProjectActivityServiceIntegrationSpec" time="0.17"/>
  <testcase name="delete should hard delete the project and all related records when destroy = true" classname="au.org.ala.ecodata.ProjectActivityServiceIntegrationSpec" time="0.118"/>
  <system-out><![CDATA[2020-02-05 12:10:50.503  INFO --- [    Test worker] o.s.t.c.support.AbstractContextLoader    : Could not detect default resource locations for test class [au.org.ala.ecodata.ProjectActivityServiceIntegrationSpec]: no resource found for suffixes {-context.xml, Context.groovy}.
2020-02-05 12:10:50.507  INFO --- [    Test worker] .b.t.c.SpringBootTestContextBootstrapper : Loaded default TestExecutionListener class names from location [META-INF/spring.factories]: [org.springframework.test.context.web.ServletTestExecutionListener, org.springframework.test.context.support.DirtiesContextBeforeModesTestExecutionListener, org.springframework.test.context.support.DependencyInjectionTestExecutionListener, org.springframework.test.context.support.DirtiesContextTestExecutionListener, org.springframework.test.context.transaction.TransactionalTestExecutionListener, org.springframework.test.context.jdbc.SqlScriptsTestExecutionListener, org.springframework.boot.test.mock.mockito.MockitoTestExecutionListener, org.springframework.boot.test.mock.mockito.ResetMocksTestExecutionListener]
2020-02-05 12:10:50.508  INFO --- [    Test worker] .b.t.c.SpringBootTestContextBootstrapper : Using TestExecutionListeners: [org.springframework.test.context.web.ServletTestExecutionListener@196ec4ba, org.springframework.test.context.support.DirtiesContextBeforeModesTestExecutionListener@223d8644, org.springframework.boot.test.mock.mockito.MockitoTestExecutionListener@7f0358a7, org.springframework.test.context.support.DependencyInjectionTestExecutionListener@60e2c631, org.springframework.test.context.support.DirtiesContextTestExecutionListener@fc69583, org.springframework.test.context.transaction.TransactionalTestExecutionListener@41073d99, org.springframework.test.context.jdbc.SqlScriptsTestExecutionListener@24a4837e, org.springframework.boot.test.mock.mockito.ResetMocksTestExecutionListener@52010a95]
2020-02-05 12:10:50.630  WARN --- [    Test worker] au.org.ala.ecodata.DocumentService       : Unable to move file for document doc1: the file /home/radar/ecodata/./target/uploads/null does not exist.
2020-02-05 12:10:50.634 DEBUG --- [    Test worker] au.org.ala.ecodata.CommonService         : updating status to deleted
2020-02-05 12:10:50.644  WARN --- [    Test worker] au.org.ala.ecodata.DocumentService       : Unable to move file for document doc2: the file /home/radar/ecodata/./target/uploads/null does not exist.
2020-02-05 12:10:50.646 DEBUG --- [    Test worker] au.org.ala.ecodata.CommonService         : updating status to deleted
2020-02-05 12:10:50.650  WARN --- [    Test worker] au.org.ala.ecodata.DocumentService       : Unable to move file for document doc5: the file /home/radar/ecodata/./target/uploads/null does not exist.
2020-02-05 12:10:50.652  WARN --- [    Test worker] au.org.ala.ecodata.DocumentService       : Unable to move file for document doc6: the file /home/radar/ecodata/./target/uploads/null does not exist.
]]></system-out>
  <system-err><![CDATA[]]></system-err>
</testsuite>
