<?xml version="1.0" encoding="UTF-8"?>
<testsuite name="au.org.ala.ecodata.ProjectActivityControllerSpec" tests="1" skipped="0" failures="0" errors="0" timestamp="2020-02-05T12:10:44" hostname="canmove-dev" time="0.074">
  <properties/>
  <testcase name="test create project activity" classname="au.org.ala.ecodata.ProjectActivityControllerSpec" time="0.074"/>
  <system-out><![CDATA[2020-02-05 12:10:44.755  INFO --- [    Test worker] o.s.t.c.support.AbstractContextLoader    : Could not detect default resource locations for test class [au.org.ala.ecodata.ProjectActivityControllerSpec]: no resource found for suffixes {-context.xml, Context.groovy}.
2020-02-05 12:10:44.760  INFO --- [    Test worker] .b.t.c.SpringBootTestContextBootstrapper : Loaded default TestExecutionListener class names from location [META-INF/spring.factories]: [org.springframework.test.context.web.ServletTestExecutionListener, org.springframework.test.context.support.DirtiesContextBeforeModesTestExecutionListener, org.springframework.test.context.support.DependencyInjectionTestExecutionListener, org.springframework.test.context.support.DirtiesContextTestExecutionListener, org.springframework.test.context.transaction.TransactionalTestExecutionListener, org.springframework.test.context.jdbc.SqlScriptsTestExecutionListener, org.springframework.boot.test.mock.mockito.MockitoTestExecutionListener, org.springframework.boot.test.mock.mockito.ResetMocksTestExecutionListener]
2020-02-05 12:10:44.762  INFO --- [    Test worker] .b.t.c.SpringBootTestContextBootstrapper : Using TestExecutionListeners: [org.springframework.test.context.web.ServletTestExecutionListener@694f172f, org.springframework.test.context.support.DirtiesContextBeforeModesTestExecutionListener@759b55e, org.springframework.boot.test.mock.mockito.MockitoTestExecutionListener@764bc377, org.springframework.test.context.support.DependencyInjectionTestExecutionListener@2f6f278b, org.springframework.test.context.support.DirtiesContextTestExecutionListener@3e08bb26, org.springframework.test.context.transaction.TransactionalTestExecutionListener@74311afc, org.springframework.test.context.jdbc.SqlScriptsTestExecutionListener@5c493f76, org.springframework.boot.test.mock.mockito.ResetMocksTestExecutionListener@a4c180b]
2020-02-05 12:10:44.781 DEBUG --- [    Test worker] a.o.a.ecodata.ProjectActivityController  : [dataQualityAssuranceMethods:[dataownercurated], visibility:[embargoOption:NONE, alaAdminEnforcedEmbargo:true], endDate:2015-06-17T14:00:00Z, publicAccess:true, description:Test description, dataAccessMethods:[na], dynamicProperty:dynamicProperty, methodType:opportunistic, isDataManagementPolicyDocumented:false, spatialAccuracy:low, name:Test Project Activity, nonTaxonomicAccuracy:low, temporalAccuracy:low, projectId:test-project-id, commentsAllowed:true, startDate:2015-06-17T14:00:00Z, speciesIdentification:low, status:active]
2020-02-05 12:10:44.787 DEBUG --- [    Test worker] au.org.ala.ecodata.CommonService         : updating dataQualityAssuranceMethods to [dataownercurated]
2020-02-05 12:10:44.787 DEBUG --- [    Test worker] au.org.ala.ecodata.CommonService         : updating visibility to [embargoOption:NONE, alaAdminEnforcedEmbargo:true]
2020-02-05 12:10:44.788 DEBUG --- [    Test worker] au.org.ala.ecodata.CommonService         : updating endDate to 2015-06-17T14:00:00Z
2020-02-05 12:10:44.794 DEBUG --- [    Test worker] au.org.ala.ecodata.CommonService         : updating publicAccess to true
2020-02-05 12:10:44.794 DEBUG --- [    Test worker] au.org.ala.ecodata.CommonService         : updating description to Test description
2020-02-05 12:10:44.794 DEBUG --- [    Test worker] au.org.ala.ecodata.CommonService         : updating dataAccessMethods to [na]
2020-02-05 12:10:44.795 DEBUG --- [    Test worker] au.org.ala.ecodata.CommonService         : updating dynamicProperty to dynamicProperty
2020-02-05 12:10:44.795 DEBUG --- [    Test worker] au.org.ala.ecodata.CommonService         : updating methodType to opportunistic
2020-02-05 12:10:44.795 DEBUG --- [    Test worker] au.org.ala.ecodata.CommonService         : updating isDataManagementPolicyDocumented to false
2020-02-05 12:10:44.795 DEBUG --- [    Test worker] au.org.ala.ecodata.CommonService         : updating spatialAccuracy to low
2020-02-05 12:10:44.795 DEBUG --- [    Test worker] au.org.ala.ecodata.CommonService         : updating name to Test Project Activity
2020-02-05 12:10:44.795 DEBUG --- [    Test worker] au.org.ala.ecodata.CommonService         : updating nonTaxonomicAccuracy to low
2020-02-05 12:10:44.795 DEBUG --- [    Test worker] au.org.ala.ecodata.CommonService         : updating temporalAccuracy to low
2020-02-05 12:10:44.795 DEBUG --- [    Test worker] au.org.ala.ecodata.CommonService         : updating commentsAllowed to true
2020-02-05 12:10:44.796 DEBUG --- [    Test worker] au.org.ala.ecodata.CommonService         : updating startDate to 2015-06-17T14:00:00Z
2020-02-05 12:10:44.796 DEBUG --- [    Test worker] au.org.ala.ecodata.CommonService         : updating speciesIdentification to low
2020-02-05 12:10:44.796 DEBUG --- [    Test worker] au.org.ala.ecodata.CommonService         : updating status to active
]]></system-out>
  <system-err><![CDATA[]]></system-err>
</testsuite>
