<?xml version="1.0" encoding="UTF-8"?>
<testsuite name="au.org.ala.ecodata.ActivityServiceIntegrationSpec" tests="4" skipped="0" failures="0" errors="0" timestamp="2020-02-05T12:10:44" hostname="canmove-dev" time="0.525">
  <properties/>
  <testcase name="test create an activity" classname="au.org.ala.ecodata.ActivityServiceIntegrationSpec" time="0.1"/>
  <testcase name="update an activity - including outputs" classname="au.org.ala.ecodata.ActivityServiceIntegrationSpec" time="0.138"/>
  <testcase name="delete should soft delete the project and all related records when destroy = false" classname="au.org.ala.ecodata.ActivityServiceIntegrationSpec" time="0.111"/>
  <testcase name="delete should hard delete the project and all related records when destroy = true" classname="au.org.ala.ecodata.ActivityServiceIntegrationSpec" time="0.176"/>
  <system-out><![CDATA[2020-02-05 12:10:44.211  INFO --- [    Test worker] o.s.t.c.support.AbstractContextLoader    : Could not detect default resource locations for test class [au.org.ala.ecodata.ActivityServiceIntegrationSpec]: no resource found for suffixes {-context.xml, Context.groovy}.
2020-02-05 12:10:44.214  INFO --- [    Test worker] .b.t.c.SpringBootTestContextBootstrapper : Loaded default TestExecutionListener class names from location [META-INF/spring.factories]: [org.springframework.test.context.web.ServletTestExecutionListener, org.springframework.test.context.support.DirtiesContextBeforeModesTestExecutionListener, org.springframework.test.context.support.DependencyInjectionTestExecutionListener, org.springframework.test.context.support.DirtiesContextTestExecutionListener, org.springframework.test.context.transaction.TransactionalTestExecutionListener, org.springframework.test.context.jdbc.SqlScriptsTestExecutionListener, org.springframework.boot.test.mock.mockito.MockitoTestExecutionListener, org.springframework.boot.test.mock.mockito.ResetMocksTestExecutionListener]
2020-02-05 12:10:44.216  INFO --- [    Test worker] .b.t.c.SpringBootTestContextBootstrapper : Using TestExecutionListeners: [org.springframework.test.context.web.ServletTestExecutionListener@1a690c32, org.springframework.test.context.support.DirtiesContextBeforeModesTestExecutionListener@59a10732, org.springframework.boot.test.mock.mockito.MockitoTestExecutionListener@54c28e7f, org.springframework.test.context.support.DependencyInjectionTestExecutionListener@1587d55f, org.springframework.test.context.support.DirtiesContextTestExecutionListener@47dd5341, org.springframework.test.context.transaction.TransactionalTestExecutionListener@1614441f, org.springframework.test.context.jdbc.SqlScriptsTestExecutionListener@566591d4, org.springframework.boot.test.mock.mockito.ResetMocksTestExecutionListener@7de39b6a]
2020-02-05 12:10:44.279 DEBUG --- [    Test worker] au.org.ala.ecodata.CommonService         : updating type to Revegetation
2020-02-05 12:10:44.282 DEBUG --- [    Test worker] au.org.ala.ecodata.CommonService         : updating projectId to a project
2020-02-05 12:10:44.282 DEBUG --- [    Test worker] au.org.ala.ecodata.CommonService         : updating description to Test activity
2020-02-05 12:10:44.282 DEBUG --- [    Test worker] au.org.ala.ecodata.CommonService         : updating dynamicProperty to dynamicProperty
2020-02-05 12:10:44.351 DEBUG --- [    Test worker] au.org.ala.ecodata.ActivityService       : Creating output Revegetation Details
2020-02-05 12:10:44.419  WARN --- [    Test worker] au.org.ala.ecodata.MetadataService       : No template found with name null
2020-02-05 12:10:44.431  WARN --- [    Test worker] au.org.ala.ecodata.MetadataService       : No template found with name null
2020-02-05 12:10:44.433  WARN --- [    Test worker] au.org.ala.ecodata.MetadataService       : No template found with name null
2020-02-05 12:10:44.433 DEBUG --- [    Test worker] au.org.ala.ecodata.CommonService         : updating name to Revegetation Details
2020-02-05 12:10:44.433 DEBUG --- [    Test worker] au.org.ala.ecodata.CommonService         : updating data to [prop1:prop1, prop2:prop2]
2020-02-05 12:10:44.433 DEBUG --- [    Test worker] au.org.ala.ecodata.CommonService         : updating activityId to activity_1
2020-02-05 12:10:44.441 DEBUG --- [    Test worker] au.org.ala.ecodata.ActivityService       : Creating output Participant Details
2020-02-05 12:10:44.443  WARN --- [    Test worker] au.org.ala.ecodata.MetadataService       : No template found with name null
2020-02-05 12:10:44.443  WARN --- [    Test worker] au.org.ala.ecodata.MetadataService       : No template found with name null
2020-02-05 12:10:44.444  WARN --- [    Test worker] au.org.ala.ecodata.MetadataService       : No template found with name null
2020-02-05 12:10:44.445 DEBUG --- [    Test worker] au.org.ala.ecodata.CommonService         : updating name to Participant Details
2020-02-05 12:10:44.445 DEBUG --- [    Test worker] au.org.ala.ecodata.CommonService         : updating data to [prop3:prop3, prop4:prop4]
2020-02-05 12:10:44.445 DEBUG --- [    Test worker] au.org.ala.ecodata.CommonService         : updating activityId to activity_1
2020-02-05 12:10:44.547  WARN --- [    Test worker] au.org.ala.ecodata.DocumentService       : Unable to move file for document doc1: the file /home/radar/ecodata/./target/uploads/null does not exist.
2020-02-05 12:10:44.550  WARN --- [    Test worker] au.org.ala.ecodata.DocumentService       : Unable to move file for document doc2: the file /home/radar/ecodata/./target/uploads/null does not exist.
2020-02-05 12:10:44.552 DEBUG --- [    Test worker] au.org.ala.ecodata.CommonService         : updating status to deleted
]]></system-out>
  <system-err><![CDATA[]]></system-err>
</testsuite>
