<?xml version="1.0" encoding="UTF-8"?>
<testsuite name="au.org.ala.ecodata.ActivityFormMigrationSpec" tests="2" skipped="0" failures="0" errors="0" timestamp="2020-02-05T12:10:46" hostname="canmove-dev" time="4.345">
  <properties/>
  <testcase name="the migration preserves the existing activitiesModel() API" classname="au.org.ala.ecodata.ActivityFormMigrationSpec" time="1.714"/>
  <testcase name="the migration preserves the existing getOutputDataModel() API" classname="au.org.ala.ecodata.ActivityFormMigrationSpec" time="2.631"/>
  <system-out><![CDATA[2020-02-05 12:10:46.137  INFO --- [    Test worker] o.s.t.c.support.AbstractContextLoader    : Could not detect default resource locations for test class [au.org.ala.ecodata.ActivityFormMigrationSpec]: no resource found for suffixes {-context.xml, Context.groovy}.
2020-02-05 12:10:46.143  INFO --- [    Test worker] .b.t.c.SpringBootTestContextBootstrapper : Loaded default TestExecutionListener class names from location [META-INF/spring.factories]: [org.springframework.test.context.web.ServletTestExecutionListener, org.springframework.test.context.support.DirtiesContextBeforeModesTestExecutionListener, org.springframework.test.context.support.DependencyInjectionTestExecutionListener, org.springframework.test.context.support.DirtiesContextTestExecutionListener, org.springframework.test.context.transaction.TransactionalTestExecutionListener, org.springframework.test.context.jdbc.SqlScriptsTestExecutionListener, org.springframework.boot.test.mock.mockito.MockitoTestExecutionListener, org.springframework.boot.test.mock.mockito.ResetMocksTestExecutionListener]
2020-02-05 12:10:46.145  INFO --- [    Test worker] .b.t.c.SpringBootTestContextBootstrapper : Using TestExecutionListeners: [org.springframework.test.context.web.ServletTestExecutionListener@62104e8d, org.springframework.test.context.support.DirtiesContextBeforeModesTestExecutionListener@3a7be89e, org.springframework.boot.test.mock.mockito.MockitoTestExecutionListener@77f0a8a1, org.springframework.test.context.support.DependencyInjectionTestExecutionListener@111adbb3, org.springframework.test.context.support.DirtiesContextTestExecutionListener@719e8b3b, org.springframework.test.context.transaction.TransactionalTestExecutionListener@1444a28e, org.springframework.test.context.jdbc.SqlScriptsTestExecutionListener@6603a507, org.springframework.boot.test.mock.mockito.ResetMocksTestExecutionListener@21832d37]
No template found: Debris Removal Debris Removal Details debrisRemovalDetails
Cannot find output Photo Points for activity Conservation Grazing Management
Cannot find output Photo Points for activity Fire Management
Cannot find output Photo Points for activity Pest Animal Survey
Cannot find output Photo Points for activity Pest Management
Cannot find output Photo Points for activity Plant Survival Survey
Cannot find output Photo Points for activity Revegetation
Cannot find output Photo Points for activity Site Preparation
Cannot find output Photo Points for activity Weed Mapping & Monitoring
Cannot find output Photo Points for activity Weed Treatment
Cannot find output Photo Points for activity Vegetation Assessment - Commonwealth government methodology
No template found: Vegetation Assessment - BioMetric (NSW) Floristic Composition tasVegFloristicComposition
No template found: Vegetation Assessment - Native Vegetation Condition Assessment and Monitoring (WA) Floristic Composition tasVegFloristicComposition
Cannot find output Photo Points for activity Site assessment
Cannot find output Bushland Condition - Site Health Summary for activity Vegetation Assessment - Bushland Condition Monitoring (SA)
Cannot find output Indicator 3 - Structural Diversity for activity Vegetation Assessment - Bushland Condition Monitoring (SA)
Cannot find output Indicator 4 - Regeneration for activity Vegetation Assessment - Bushland Condition Monitoring (SA)
Cannot find output Indicator 5 - Tree and Shrub Health for activity Vegetation Assessment - Bushland Condition Monitoring (SA)
Cannot find output Indicator 6 - Tree Habitat for activity Vegetation Assessment - Bushland Condition Monitoring (SA)
Cannot find output Indicator 7 - Feral Animals for activity Vegetation Assessment - Bushland Condition Monitoring (SA)
Cannot find output Indicator 8 - Total Grazing Pressure for activity Vegetation Assessment - Bushland Condition Monitoring (SA)
Cannot find output Indicator 9 - Animal Species for activity Vegetation Assessment - Bushland Condition Monitoring (SA)
Cannot find output Indicator 10 - Bushland Degradation Risk for activity Vegetation Assessment - Bushland Condition Monitoring (SA)
Cannot find output Benchmarks - SA for activity Vegetation Assessment - Bushland Condition Monitoring (SA)
Cannot find output Photo Points for activity General Weed Monitoring
Cannot find output Photo Points for activity General Weed Treatment
Cannot find output Plant Propagation - Batch Test for activity Plant Propagation - with map
No template found: Plant Propagation - with map Plant Propagation - with map plantPropagation-withMap
No template found: Weed Mapping and Monitoring - with map Weed Mapping and Monitoring - with map weedMappingAndMonitoring-withMap
No template found: Aquatic Macro-invertebrate Assessment - ALT method Aquatic Macro-invertebrate Assessment - ALT method aquaticMacro_invertebrateAssessment_Alt_Method
No template found: Animal Road Strike Monitoring Survey - Beaconsfield Animal Road Strike Monitoring Survey - Beaconsfield animalRoadStrikeMonitoringSurvey_beaconsfield
2020-02-05 12:10:47.379  WARN --- [    Test worker] au.org.ala.ecodata.MetadataService       : No outputs for Milestone - payment
2020-02-05 12:10:47.379  WARN --- [    Test worker] au.org.ala.ecodata.MetadataService       : No outputs for Milestone - non payment
No template found: Debris Removal Debris Removal Details debrisRemovalDetails
Cannot find output Photo Points for activity Conservation Grazing Management
Cannot find output Photo Points for activity Fire Management
Cannot find output Photo Points for activity Pest Animal Survey
Cannot find output Photo Points for activity Pest Management
Cannot find output Photo Points for activity Plant Survival Survey
Cannot find output Photo Points for activity Revegetation
Cannot find output Photo Points for activity Site Preparation
Cannot find output Photo Points for activity Weed Mapping & Monitoring
Cannot find output Photo Points for activity Weed Treatment
Cannot find output Photo Points for activity Vegetation Assessment - Commonwealth government methodology
No template found: Vegetation Assessment - BioMetric (NSW) Floristic Composition tasVegFloristicComposition
No template found: Vegetation Assessment - Native Vegetation Condition Assessment and Monitoring (WA) Floristic Composition tasVegFloristicComposition
Cannot find output Photo Points for activity Site assessment
Cannot find output Bushland Condition - Site Health Summary for activity Vegetation Assessment - Bushland Condition Monitoring (SA)
Cannot find output Indicator 3 - Structural Diversity for activity Vegetation Assessment - Bushland Condition Monitoring (SA)
Cannot find output Indicator 4 - Regeneration for activity Vegetation Assessment - Bushland Condition Monitoring (SA)
Cannot find output Indicator 5 - Tree and Shrub Health for activity Vegetation Assessment - Bushland Condition Monitoring (SA)
Cannot find output Indicator 6 - Tree Habitat for activity Vegetation Assessment - Bushland Condition Monitoring (SA)
Cannot find output Indicator 7 - Feral Animals for activity Vegetation Assessment - Bushland Condition Monitoring (SA)
Cannot find output Indicator 8 - Total Grazing Pressure for activity Vegetation Assessment - Bushland Condition Monitoring (SA)
Cannot find output Indicator 9 - Animal Species for activity Vegetation Assessment - Bushland Condition Monitoring (SA)
Cannot find output Indicator 10 - Bushland Degradation Risk for activity Vegetation Assessment - Bushland Condition Monitoring (SA)
Cannot find output Benchmarks - SA for activity Vegetation Assessment - Bushland Condition Monitoring (SA)
Cannot find output Photo Points for activity General Weed Monitoring
Cannot find output Photo Points for activity General Weed Treatment
Cannot find output Plant Propagation - Batch Test for activity Plant Propagation - with map
No template found: Plant Propagation - with map Plant Propagation - with map plantPropagation-withMap
No template found: Weed Mapping and Monitoring - with map Weed Mapping and Monitoring - with map weedMappingAndMonitoring-withMap
No template found: Aquatic Macro-invertebrate Assessment - ALT method Aquatic Macro-invertebrate Assessment - ALT method aquaticMacro_invertebrateAssessment_Alt_Method
No template found: Animal Road Strike Monitoring Survey - Beaconsfield Animal Road Strike Monitoring Survey - Beaconsfield animalRoadStrikeMonitoringSurvey_beaconsfield
revegetationDetails
seedCollectionDetails
sitePreparationActions
participation
communityActivityDetails
communicationMaterialsSupplied
fireInformation
evidenceOfWeedTreatment
weedObservationDetails
Weed
stockManagementDetails
infrastructureDetails
planningActivityDetails
researchInformation
waterManagementDetails
trainingDetails
skillsDevelopment
riskAssessment
2020-02-05 12:10:49.057  WARN --- [    Test worker] au.org.ala.ecodata.MetadataService       : No template found with name debrisRemovalDetails
debrisRemovalDetails
No data
erosionManagementDetails
accessControlDetails
plannedMonitoring
practiceChangeDetails
2020-02-05 12:10:49.074  WARN --- [    Test worker] au.org.ala.ecodata.MetadataService       : No template found with name sustainablePracticeInitiatives
Ignoring template: sustainablePracticeInitiatives from output Sustainable Practice Initiatives which isn't associated with an activity
otherConservationWorks
adminActivities
outcomes
evaluation
lessonsLearned
knowledgeTransfer
plantPropagationDetails
biologicalSurveyInformation
faunaSurveyDetails
floraSurveyDetails
employmentDetails
indigenousEnterprise
pestManagementDetails
diseaseManagementDetails
evidenceOfPestManagement
pestMonitoringDetails
revegetationMonitoringResults
waterQualityGeneralInfo
waterQualityEnvironmentalInfo
waterQualityMeasurements
2020-02-05 12:10:49.131  WARN --- [    Test worker] au.org.ala.ecodata.MetadataService       : No template found with name bfOutcomesAndMonitoring
Ignoring template: bfOutcomesAndMonitoring from output Biodiversity Fund Outcomes & Monitoring Methodology which isn't associated with an activity
2020-02-05 12:10:49.134  WARN --- [    Test worker] au.org.ala.ecodata.MetadataService       : No template found with name siteAssessment
Ignoring template: siteAssessment from output Vegetation Assessment which isn't associated with an activity
vicSurveyInfo
vicHabHaV2-nativeSpecies
vicHabHaV2-weedSpecies
vicHabHaV2-trees
2020-02-05 12:10:49.152  WARN --- [    Test worker] au.org.ala.ecodata.MetadataService       : No template found with name siteConditionComponents
Ignoring template: siteConditionComponents from output Site Condition Components which isn't associated with an activity
2020-02-05 12:10:49.155  WARN --- [    Test worker] au.org.ala.ecodata.MetadataService       : No template found with name landscapeContextComponents
Ignoring template: landscapeContextComponents from output Landscape Context Components which isn't associated with an activity
2020-02-05 12:10:49.157  WARN --- [    Test worker] au.org.ala.ecodata.MetadataService       : No template found with name weedAbundanceAndThreatScore
Ignoring template: weedAbundanceAndThreatScore from output Weed Abundance & Threat Score which isn't associated with an activity
2020-02-05 12:10:49.160  WARN --- [    Test worker] au.org.ala.ecodata.MetadataService       : No template found with name feralAnimalAbundanceScore
Ignoring template: feralAnimalAbundanceScore from output Feral Animal Abundance Score which isn't associated with an activity
2020-02-05 12:10:49.162  WARN --- [    Test worker] au.org.ala.ecodata.MetadataService       : No template found with name feralAnimalFrequencyScore
Ignoring template: feralAnimalFrequencyScore from output Feral Animal Frequency Score which isn't associated with an activity
bfSamplingSiteInfo
groundCover
exoticFauna
crownCover
crownType
speciesDiversityMeri
2020-02-05 12:10:49.181  WARN --- [    Test worker] au.org.ala.ecodata.MetadataService       : No template found with name habitatHectaresSiteCondition
Ignoring template: habitatHectaresSiteCondition from output Site Condition which isn't associated with an activity
2020-02-05 12:10:49.184  WARN --- [    Test worker] au.org.ala.ecodata.MetadataService       : No template found with name habitatHectaresLandscapeContext
Ignoring template: habitatHectaresLandscapeContext from output Landscape Context which isn't associated with an activity
2020-02-05 12:10:49.186  WARN --- [    Test worker] au.org.ala.ecodata.MetadataService       : No template found with name tasVegSiteCondition
Ignoring template: tasVegSiteCondition from output Site Condition - TasVeg which isn't associated with an activity
2020-02-05 12:10:49.189  WARN --- [    Test worker] au.org.ala.ecodata.MetadataService       : No template found with name tasVegLandscaprContext
Ignoring template: tasVegLandscaprContext from output Landscape Context - TasVeg which isn't associated with an activity
tasVegNvaMethod_F
2020-02-05 12:10:49.205  WARN --- [    Test worker] au.org.ala.ecodata.MetadataService       : No template found with name tasVegNvaMethod_NF
Ignoring template: tasVegNvaMethod_NF from output TasVeg Native Vegetation Assessment Method - Non-Forest Vegetation which isn't associated with an activity
2020-02-05 12:10:49.208  WARN --- [    Test worker] au.org.ala.ecodata.MetadataService       : No template found with name tasVegFloristicComposition
Ignoring template: tasVegFloristicComposition from output Floristic Composition which isn't associated with an activity
heritageConservationInformation
heritageExpectedOutcomes
projectStageProgress
projectStageOutcomes
projectStageUpdate
projectStageLessons
sitePlanningDetails
fencing
smallGrantProgressReport
smallGrantFinalReport
smallGrantOutputs
smallGrantAquittal
activityAttachments
2020-02-05 12:10:49.246  WARN --- [    Test worker] au.org.ala.ecodata.MetadataService       : No template found with name summaryReportDataUpload
Ignoring template: summaryReportDataUpload from output Upload of stage 1 and 2 reporting data which isn't associated with an activity
2020-02-05 12:10:49.249  WARN --- [    Test worker] au.org.ala.ecodata.MetadataService       : No template found with name gaParticipantDetails
Ignoring template: gaParticipantDetails from output Participant Details which isn't associated with an activity
2020-02-05 12:10:49.251  WARN --- [    Test worker] au.org.ala.ecodata.MetadataService       : No template found with name saStructuralDiversity
Ignoring template: saStructuralDiversity from output Indicator 1 - Plant Species Diversity which isn't associated with an activity
2020-02-05 12:10:49.254  WARN --- [    Test worker] au.org.ala.ecodata.MetadataService       : No template found with name saWeedAbundanceAndThreat
Ignoring template: saWeedAbundanceAndThreat from output Indicator 2 - Weed Abundance & Threat which isn't associated with an activity
2020-02-05 12:10:49.258  WARN --- [    Test worker] au.org.ala.ecodata.MetadataService       : No template found with name bioConditionConsolidated
Ignoring template: bioConditionConsolidated from output BioCondition Method which isn't associated with an activity
2020-02-05 12:10:49.260  WARN --- [    Test worker] au.org.ala.ecodata.MetadataService       : No template found with name gaMonthlyReportData
Ignoring template: gaMonthlyReportData from output Monthly Status Report Data which isn't associated with an activity
2020-02-05 12:10:49.263  WARN --- [    Test worker] au.org.ala.ecodata.MetadataService       : No template found with name gaQuarterlyProjectReport
Ignoring template: gaQuarterlyProjectReport from output Three Monthly Report which isn't associated with an activity
2020-02-05 12:10:49.265  WARN --- [    Test worker] au.org.ala.ecodata.MetadataService       : No template found with name gaTeamSupervisorAttendance
Ignoring template: gaTeamSupervisorAttendance from output Change or Absence of Team Supervisor Report which isn't associated with an activity
2020-02-05 12:10:49.267  WARN --- [    Test worker] au.org.ala.ecodata.MetadataService       : No template found with name gaDesktopAuditChecklist
Ignoring template: gaDesktopAuditChecklist from output Desktop Audit Checklist Details which isn't associated with an activity
2020-02-05 12:10:49.270  WARN --- [    Test worker] au.org.ala.ecodata.MetadataService       : No template found with name gaEndOfProjectReport
Ignoring template: gaEndOfProjectReport from output End of Project Report Details which isn't associated with an activity
2020-02-05 12:10:49.272  WARN --- [    Test worker] au.org.ala.ecodata.MetadataService       : No template found with name gaSiteVisitDetails
Ignoring template: gaSiteVisitDetails from output Site Visit Details which isn't associated with an activity
singleSighting
singleSiteMultiSpeciesSightings
2020-02-05 12:10:49.281  WARN --- [    Test worker] au.org.ala.ecodata.MetadataService       : No template found with name assetProtectionDetails
Ignoring template: assetProtectionDetails from output Asset Protection Details which isn't associated with an activity
2020-02-05 12:10:49.283  WARN --- [    Test worker] au.org.ala.ecodata.MetadataService       : No template found with name ecologicalBurnDetails
Ignoring template: ecologicalBurnDetails from output Ecological Burn Details which isn't associated with an activity
BC_WQmonitoring
BC_recreationObservations
BC_farmingObservations
BC_debrisRemoval
BC-invertebrates
BC-iconicSpecies
BC-fish
communityGrantsAdministration
communityGrantsReporting
natureWatchSpecies
nestMonitoring
generalWeedMonitoring
generalWeedTreatment
faunaSurveyTrapTransect
surveyFloraPlotTransect
cameraTrapRecords_1
significantTreesSurvey
2-haTrackPlotMethod
koalaSightingsTweed
koalaSightingsRedlands
generalWeedSighting
singleSighting-Advanced
flyingFoxSurvey
aerialFaunaSurveyDistanceSamplerMethod
2020-02-05 12:10:49.379  WARN --- [    Test worker] au.org.ala.ecodata.MetadataService       : No template found with name performanceSelfAssessment
Ignoring template: performanceSelfAssessment from output Performance Self Assessment which isn't associated with an activity
pollinatorSighting
gvfcSurveyForm
postBiodiversity-worksSiteMonitoringMethodology
postRevegetationSiteManagement
postRevegetationInfillPlantings
postRevegetationPestManagement
postRevegetationAreaManaged
locationPhoto
steaming2Success
seagrassBedMonitoring
koalaCount-SouthAustralia
intertidalReefSurvey
generalSeedCollectionEvent
generalFaunaSightingsV1
generalFloraSightingsV1
ntSystematicTerrestrialFaunaSurvey
northSydneyWildlifeWatch
northSydneyWildlifeWatchMulti-species
dunewatchActivitySummary
dunewatchSurveyEmeryMethod
dunewatchSurveyHumanImpactAssessment
dunewatchFloraSurvey
dunewatchFaunaSurvey
stageReport
nestBoxMonitoringSurvey
epaWaterQualityAndIllegalDumping
seaSearchPatrol
localSpeciesInventory
generalMulti-speciesSightings-AlternateFormat-v2
birdSurvey-curlCurl
martuWangkaSightings
wolliCkCurrentSurveys
wolliCk-COBC_observations
wolliCk-Rankin_observations
environmentalAssetsRegister
singleSpeciesWeedMonitoring
annualStageReport
reef2050PlanActionReporting
weedBiologicalControlAgentRecord-TargetWithCanes
weedBiologicalControl-AgentRecordForTargetSpecies-insectAgents
weedBiologicalControl-agentRecord-nonCaneRustAndFungiAgents
capeYorkIncidentalSightings
capeYorkTerrestrialFaunaSurvey
mappingButterfliesAndHostVines
frogletCalls
echidnaCSI
batSurvey-SAMD
birdSurvey-SAMD
redlandsWeedSpotter
diebackObservation
communityParticipationAndEngagement-withMap
debrisRemoval-withMap
diseaseManagement-withMap
erosionManagement-withMap
fencing-withMap
conservationGrazingManagement-withMap
ecologicalFireManagement-withMap
heritageConservation-withMap
managementPlanDevelopment-withMap
conservationActionsForSpeciesAndCommunities-withMap
pestAnimalSurvey-withMap
pestManagement-withMap
2020-02-05 12:10:49.636  WARN --- [    Test worker] au.org.ala.ecodata.MetadataService       : No template found with name plantPropagation-withMap
plantPropagation-withMap
No data
plantSurvivalSurvey-withMap
publicAccessAndInfrastructure-withMap
research-withMap
revegetation-withMap
seedCollection-withMap
siteMonitoringPlan-withMap
sitePreparation-withMap
waterManagement-withMap
waterQualitySurvey-withMap
2020-02-05 12:10:49.669  WARN --- [    Test worker] au.org.ala.ecodata.MetadataService       : No template found with name weedMappingAndMonitoring-withMap
weedMappingAndMonitoring-withMap
No data
weedTreatment-withMap
worksPlanningAndRisk-withMap
postRevegetationSiteManagement_withMap
echidnaCSI-sampleCollection
seaSearch-fixedPhotoPoints
seaSearch-seagrassBoundaryMapping
seaSearch-imageLibrary
megaBatProject-samd
goannaWatch-discoveryCircle
birdSurvey-westernSydney
clc2HaTrackPlot
echidnaCsi-otherEvidence
urbanBirdMovementsResearch_incidental
urbanBirdMovementsResearch_systematicSurvey
regionalFundingFinalReport
espOverview
2020-02-05 12:10:49.730  WARN --- [    Test worker] au.org.ala.ecodata.MetadataService       : No template found with name espPmuZoneReporting
Ignoring template: espPmuZoneReporting from output ESP PMU or Zone reporting which isn't associated with an activity
espLivestockGrazingManagement
espNativeHerbivoreManagement
espFeralAnimalManagement
espWeedManagement
2020-02-05 12:10:49.749  WARN --- [    Test worker] au.org.ala.ecodata.MetadataService       : No template found with name espFencingActivities
Ignoring template: espFencingActivities from output ESP Fencing activities which isn't associated with an activity
espBiomassControlMeasures
espRevegetation
espRegeneration
espRestorationOfHabitatFeatures
espOptionalReporting
espControlOfAgroChemicals
espTreeRootDisturbance
2020-02-05 12:10:49.767  WARN --- [    Test worker] au.org.ala.ecodata.MetadataService       : No template found with name espPlantSurvival
Ignoring template: espPlantSurvival from output ESP Plant Survival which isn't associated with an activity
espGroundCover
espFencingPaddockTrees
espSwardHeight
espPmuHeader
espSmuHeader
wildMacadamiaSurvey
habitatConditionAssessment
ecologicalConditionScoreModeration
qldEnvironmentIncentives
qldEnvironmentProducts
qldEnvironmentWorks
qldEnvironmentEvents
leonoraDhsBiodiversitySurveys
fungiResearch
westernRingtailPossumReporting
blueMountainsWHI_boardwalkTransect
blueMountainsWHI_photoPoints
blueMountainsWHI_cameraTraps
singleSighting_verificationOptionalPhoto
singleSightingOptionalPhoto
marineTurtleMonitoring_nestPresenceAndDepredation
rayAndSharkMonitoringSurvey
1000m_transect_8_quadratBirdSurvey
singleBirdSighting
dungBeetleMonitoring
raptorNestMonitoring
bdbsaFloraObservations
bdbsaFaunaObservations
singleSighting_verification_mandatoryPhoto
rarc_Site_Event_Details
2020-02-05 12:10:49.886  WARN --- [    Test worker] au.org.ala.ecodata.MetadataService       : No template found with name rarc_Vegetation_Width
Ignoring template: rarc_Vegetation_Width from output RARC - Vegetation Width which isn't associated with an activity
2020-02-05 12:10:49.889  WARN --- [    Test worker] au.org.ala.ecodata.MetadataService       : No template found with name rarc_Vegetation_Cover
Ignoring template: rarc_Vegetation_Cover from output RARC - Vegetation Cover which isn't associated with an activity
2020-02-05 12:10:49.891  WARN --- [    Test worker] au.org.ala.ecodata.MetadataService       : No template found with name rarc_Debris
Ignoring template: rarc_Debris from output RARC - Debris which isn't associated with an activity
2020-02-05 12:10:49.893  WARN --- [    Test worker] au.org.ala.ecodata.MetadataService       : No template found with name rarc_Features
Ignoring template: rarc_Features from output RARC - Features which isn't associated with an activity
2020-02-05 12:10:49.896  WARN --- [    Test worker] au.org.ala.ecodata.MetadataService       : No template found with name rarc_Total_Scores
Ignoring template: rarc_Total_Scores from output RARC - Total Scores which isn't associated with an activity
2020-02-05 12:10:49.898  WARN --- [    Test worker] au.org.ala.ecodata.MetadataService       : No template found with name aquaticMacro_invertebrateAssessment_Alt_Method
aquaticMacro_invertebrateAssessment_Alt_Method
No data
weedSightingForm_variant2
actWaterwatch-waterQualityMonitoring
actWaterwatch-waterBugSurvey
rlpBaselineData
rlpCommunicationMaterials
rlpCommunityEngagement
rlpControllingAccess
rlpPestAnimalManagement
rlpManagementPlanDevelopment
rlpErosionManagement
rlpEstablishingAgreements
rlpFeralFreeEnclosures
rlpExSituBreedingSites
rlpMonitoringRegimes
rlpFarmManagementSurvey
rlpFaunaSurvey
rlpFireManagement
rlpFloraSurvey
rlpHabitatAugmentation
rlpIdentifyingSites
rlpImprovingHydrologicalRegimes
rlpLandManagementPractices
rlpDiseaseManagement
rlpNegotiations
rlpObtainingApprovals
rlpPestAnimalSurvey
rlpPlantSurvivalSurvey
rlpProjectPlanning
rlpRemediatingRiparianAndAquaticAreas
rlpWeedTreatment
rlpRevegetatingHabitat
rlpSkillsAndKnowledgeSurvey
rlpSoilTesting
rlpEmergencyInterventions
rlpWaterQualitySurvey
rlpWeedDistributionSurvey
rlpDebrisRemoval
rlpSitePreparation
rlpOutputWHS
rlpCoreServicesReport
rlpCoreServicesAnnualReport
2020-02-05 12:10:50.091  WARN --- [    Test worker] au.org.ala.ecodata.MetadataService       : No template found with name rlpShortTermOutcomes
Ignoring template: rlpShortTermOutcomes from output RLP Short-term outcomes which isn't associated with an activity
2020-02-05 12:10:50.093  WARN --- [    Test worker] au.org.ala.ecodata.MetadataService       : No template found with name rlpMidTermOutcomes
Ignoring template: rlpMidTermOutcomes from output RLP Mid-term outcomes which isn't associated with an activity
rlpAnnualReport
treeDiebackSurvey_WSU
quadratSamplingPresenceOnly
marineMetreSquaredTransectSurvey
marineMetreSquaredShoreSurvey
inDevelopment
koalaSurveyWhitsundays
beachSandPhotoPointMonitoring
fitzroyTurtleMonitoring
outbackWaterholes
elmLeafBeetleSurvey
reef2050PlanActionReporting2018
magicalLandSightings
koalaSurveyGeneralVictorian
birdSightingsNt
InnerWestMicrobatMonitors
rlpOutputReportAdjustment
flyingFoxBatsInBackyards
nestBoxLocationForm
nestBoxMonitoringAndMaintenanceForm
animalRoadStrikeMonitoring
2020-02-05 12:10:50.171  WARN --- [    Test worker] au.org.ala.ecodata.MetadataService       : No template found with name animalRoadStrikeMonitoringSurvey_beaconsfield
animalRoadStrikeMonitoringSurvey_beaconsfield
No data
]]></system-out>
  <system-err><![CDATA[]]></system-err>
</testsuite>
