<?xml version="1.0" encoding="UTF-8"?>
<testsuite name="au.org.ala.ecodata.OrganisationServiceIntegrationSpec" tests="3" skipped="0" failures="0" errors="0" timestamp="2020-02-05T12:10:43" hostname="canmove-dev" time="0.36">
  <properties/>
  <testcase name="test create organisation" classname="au.org.ala.ecodata.OrganisationServiceIntegrationSpec" time="0.194"/>
  <testcase name="projects should be associated with an organisation by the organisationId property" classname="au.org.ala.ecodata.OrganisationServiceIntegrationSpec" time="0.107"/>
  <testcase name="projects can be associated with an organisation by the serviceProviderOrganisationId property" classname="au.org.ala.ecodata.OrganisationServiceIntegrationSpec" time="0.059"/>
  <system-out><![CDATA[2020-02-05 12:10:43.062  INFO --- [    Test worker] o.s.t.c.support.AbstractContextLoader    : Could not detect default resource locations for test class [au.org.ala.ecodata.OrganisationServiceIntegrationSpec]: no resource found for suffixes {-context.xml, Context.groovy}.
2020-02-05 12:10:43.067  INFO --- [    Test worker] .b.t.c.SpringBootTestContextBootstrapper : Loaded default TestExecutionListener class names from location [META-INF/spring.factories]: [org.springframework.test.context.web.ServletTestExecutionListener, org.springframework.test.context.support.DirtiesContextBeforeModesTestExecutionListener, org.springframework.test.context.support.DependencyInjectionTestExecutionListener, org.springframework.test.context.support.DirtiesContextTestExecutionListener, org.springframework.test.context.transaction.TransactionalTestExecutionListener, org.springframework.test.context.jdbc.SqlScriptsTestExecutionListener, org.springframework.boot.test.mock.mockito.MockitoTestExecutionListener, org.springframework.boot.test.mock.mockito.ResetMocksTestExecutionListener]
2020-02-05 12:10:43.070  INFO --- [    Test worker] .b.t.c.SpringBootTestContextBootstrapper : Using TestExecutionListeners: [org.springframework.test.context.web.ServletTestExecutionListener@3744433, org.springframework.test.context.support.DirtiesContextBeforeModesTestExecutionListener@6add495e, org.springframework.boot.test.mock.mockito.MockitoTestExecutionListener@3a7dd13a, org.springframework.test.context.support.DependencyInjectionTestExecutionListener@40e6df7, org.springframework.test.context.support.DirtiesContextTestExecutionListener@25fae499, org.springframework.test.context.transaction.TransactionalTestExecutionListener@256ddec1, org.springframework.test.context.jdbc.SqlScriptsTestExecutionListener@714d3f57, org.springframework.boot.test.mock.mockito.ResetMocksTestExecutionListener@65b855c]
2020-02-05 12:10:43.214 DEBUG --- [    Test worker] au.org.ala.ecodata.CommonService         : updating name to Test Organisation
2020-02-05 12:10:43.218 DEBUG --- [    Test worker] au.org.ala.ecodata.CommonService         : updating description to Test description
2020-02-05 12:10:43.218 DEBUG --- [    Test worker] au.org.ala.ecodata.CommonService         : updating dynamicProperty to dynamicProperty
2020-02-05 12:10:43.232 DEBUG --- [    Test worker] au.org.ala.ecodata.PermissionService     : 0. prevRoles = []
]]></system-out>
  <system-err><![CDATA[]]></system-err>
</testsuite>
