<?xml version="1.0" encoding="UTF-8"?>
<testsuite name="au.org.ala.ecodata.OutputServiceSpec" tests="14" skipped="0" failures="0" errors="0" timestamp="2020-02-05T12:10:50" hostname="canmove-dev" time="0.708">
  <properties/>
  <testcase name="test create output with no parent activity" classname="au.org.ala.ecodata.OutputServiceSpec" time="0.067"/>
  <testcase name="test create output" classname="au.org.ala.ecodata.OutputServiceSpec" time="0.046"/>
  <testcase name="createOrUpdateRecordsForOutput should not create associated Record objects when they does not contain species information" classname="au.org.ala.ecodata.OutputServiceSpec" time="0.092"/>
  <testcase name="createOrUpdateRecordsForOutput should not create associated Record objects when excludeAbsenceRecord is true and individualCount is 0" classname="au.org.ala.ecodata.OutputServiceSpec" time="0.031"/>
  <testcase name="createOrUpdateRecordsForOutput should not create associated Record objects when excludeAbsenceRecord is true and individualCount is '0'" classname="au.org.ala.ecodata.OutputServiceSpec" time="0.026"/>
  <testcase name="createOrUpdateRecordsForOutput should not create associated Record objects when excludeAbsenceRecord is true and individualCount is '10'" classname="au.org.ala.ecodata.OutputServiceSpec" time="0.026"/>
  <testcase name="createOrUpdateRecordsForOutput should not create associated Record objects when excludeAbsenceRecord is true and individualCount is null" classname="au.org.ala.ecodata.OutputServiceSpec" time="0.024"/>
  <testcase name="createOrUpdateRecordsForOutput should  create associated Record objects when excludeAbsenceRecord is true and individualCount is gt 1" classname="au.org.ala.ecodata.OutputServiceSpec" time="0.033"/>
  <testcase name="createOrUpdateRecordsForOutput should  create associated Record objects when excludeAbsenceRecord is true and individualCount field is not set" classname="au.org.ala.ecodata.OutputServiceSpec" time="0.025"/>
  <testcase name="createOrUpdateRecordsForOutput should create associated Record objects when they contain species information" classname="au.org.ala.ecodata.OutputServiceSpec" time="0.032"/>
  <testcase name="createOrUpdateRecordsForOutput should create a Record for general data and three for the multisightings reusing general data" classname="au.org.ala.ecodata.OutputServiceSpec" time="0.132"/>
  <testcase name="createOrUpdateRecordsForOutput should create one Record only for the entry that has outputSpecies info and none for the general information that lacks it" classname="au.org.ala.ecodata.OutputServiceSpec" time="0.035"/>
  <testcase name="deleteProject should soft delete the project and all related records when destroy = false" classname="au.org.ala.ecodata.OutputServiceSpec" time="0.074"/>
  <testcase name="deleteProject should hard delete the project and all related records when destroy = true" classname="au.org.ala.ecodata.OutputServiceSpec" time="0.065"/>
  <system-out><![CDATA[2020-02-05 12:10:50.816  INFO --- [    Test worker] o.s.t.c.support.AbstractContextLoader    : Could not detect default resource locations for test class [au.org.ala.ecodata.OutputServiceSpec]: no resource found for suffixes {-context.xml, Context.groovy}.
2020-02-05 12:10:50.821  INFO --- [    Test worker] .b.t.c.SpringBootTestContextBootstrapper : Loaded default TestExecutionListener class names from location [META-INF/spring.factories]: [org.springframework.test.context.web.ServletTestExecutionListener, org.springframework.test.context.support.DirtiesContextBeforeModesTestExecutionListener, org.springframework.test.context.support.DependencyInjectionTestExecutionListener, org.springframework.test.context.support.DirtiesContextTestExecutionListener, org.springframework.test.context.transaction.TransactionalTestExecutionListener, org.springframework.test.context.jdbc.SqlScriptsTestExecutionListener, org.springframework.boot.test.mock.mockito.MockitoTestExecutionListener, org.springframework.boot.test.mock.mockito.ResetMocksTestExecutionListener]
2020-02-05 12:10:50.823  INFO --- [    Test worker] .b.t.c.SpringBootTestContextBootstrapper : Using TestExecutionListeners: [org.springframework.test.context.web.ServletTestExecutionListener@4f7b7b47, org.springframework.test.context.support.DirtiesContextBeforeModesTestExecutionListener@4fa6025e, org.springframework.boot.test.mock.mockito.MockitoTestExecutionListener@209c8684, org.springframework.test.context.support.DependencyInjectionTestExecutionListener@3b0b2e65, org.springframework.test.context.support.DirtiesContextTestExecutionListener@2fbecb00, org.springframework.test.context.transaction.TransactionalTestExecutionListener@5075885b, org.springframework.test.context.jdbc.SqlScriptsTestExecutionListener@14998c77, org.springframework.boot.test.mock.mockito.ResetMocksTestExecutionListener@7683f087]
2020-02-05 12:10:50.894 ERROR --- [    Test worker] au.org.ala.ecodata.OutputService         : Error creating output - no activity with id = null
2020-02-05 12:10:50.929 DEBUG --- [    Test worker] au.org.ala.ecodata.CommonService         : updating activityId to a test activity id
2020-02-05 12:10:50.929 DEBUG --- [    Test worker] au.org.ala.ecodata.CommonService         : updating data to [prop2:prop2]
2020-02-05 12:10:51.008 DEBUG --- [    Test worker] a.o.a.ecodata.converter.RecordConverter  : No specific converter found for output data type doesNotMatter with class name au.org.ala.ecodata.converter.DoesNotMatterConverter, using generic converter
2020-02-05 12:10:51.027 DEBUG --- [    Test worker] a.o.a.ecodata.converter.RecordConverter  : No specific converter found for output data type doesNotMatter with class name au.org.ala.ecodata.converter.DoesNotMatterConverter, using generic converter
2020-02-05 12:10:51.055 DEBUG --- [    Test worker] a.o.a.ecodata.converter.RecordConverter  : No specific converter found for output data type doesNotMatter with class name au.org.ala.ecodata.converter.DoesNotMatterConverter, using generic converter
2020-02-05 12:10:51.056 DEBUG --- [    Test worker] a.o.a.ecodata.converter.RecordConverter  : No specific converter found for output data type number with class name au.org.ala.ecodata.converter.NumberConverter, using generic converter
2020-02-05 12:10:51.087 DEBUG --- [    Test worker] a.o.a.ecodata.converter.RecordConverter  : No specific converter found for output data type doesNotMatter with class name au.org.ala.ecodata.converter.DoesNotMatterConverter, using generic converter
2020-02-05 12:10:51.088 DEBUG --- [    Test worker] a.o.a.ecodata.converter.RecordConverter  : No specific converter found for output data type number with class name au.org.ala.ecodata.converter.NumberConverter, using generic converter
2020-02-05 12:10:51.111 DEBUG --- [    Test worker] a.o.a.ecodata.converter.RecordConverter  : No specific converter found for output data type doesNotMatter with class name au.org.ala.ecodata.converter.DoesNotMatterConverter, using generic converter
2020-02-05 12:10:51.112 DEBUG --- [    Test worker] a.o.a.ecodata.converter.RecordConverter  : No specific converter found for output data type number with class name au.org.ala.ecodata.converter.NumberConverter, using generic converter
2020-02-05 12:10:51.138 DEBUG --- [    Test worker] a.o.a.ecodata.converter.RecordConverter  : No specific converter found for output data type doesNotMatter with class name au.org.ala.ecodata.converter.DoesNotMatterConverter, using generic converter
2020-02-05 12:10:51.139 DEBUG --- [    Test worker] a.o.a.ecodata.converter.RecordConverter  : No specific converter found for output data type number with class name au.org.ala.ecodata.converter.NumberConverter, using generic converter
2020-02-05 12:10:51.163 DEBUG --- [    Test worker] a.o.a.ecodata.converter.RecordConverter  : No specific converter found for output data type doesNotMatter with class name au.org.ala.ecodata.converter.DoesNotMatterConverter, using generic converter
2020-02-05 12:10:51.164 DEBUG --- [    Test worker] a.o.a.ecodata.converter.RecordConverter  : No specific converter found for output data type number with class name au.org.ala.ecodata.converter.NumberConverter, using generic converter
2020-02-05 12:10:51.196 DEBUG --- [    Test worker] a.o.a.ecodata.converter.RecordConverter  : No specific converter found for output data type doesNotMatter with class name au.org.ala.ecodata.converter.DoesNotMatterConverter, using generic converter
2020-02-05 12:10:51.223 DEBUG --- [    Test worker] a.o.a.ecodata.converter.RecordConverter  : No specific converter found for output data type doesNotMatter with class name au.org.ala.ecodata.converter.DoesNotMatterConverter, using generic converter
2020-02-05 12:10:51.266 DEBUG --- [    Test worker] a.o.a.ecodata.converter.RecordConverter  : No specific converter found for output data type date with class name au.org.ala.ecodata.converter.DateConverter, using generic converter
2020-02-05 12:10:51.270 DEBUG --- [    Test worker] a.o.a.ecodata.converter.RecordConverter  : No specific converter found for output data type time with class name au.org.ala.ecodata.converter.TimeConverter, using generic converter
2020-02-05 12:10:51.272 DEBUG --- [    Test worker] a.o.a.ecodata.converter.RecordConverter  : No specific converter found for output data type text with class name au.org.ala.ecodata.converter.TextConverter, using generic converter
2020-02-05 12:10:51.273 DEBUG --- [    Test worker] a.o.a.ecodata.converter.RecordConverter  : No specific converter found for output data type text with class name au.org.ala.ecodata.converter.TextConverter, using generic converter
2020-02-05 12:10:51.274 DEBUG --- [    Test worker] a.o.a.ecodata.converter.RecordConverter  : No specific converter found for output data type geoMap with class name au.org.ala.ecodata.converter.GeoMapConverter, using generic converter
2020-02-05 12:10:51.274 DEBUG --- [    Test worker] a.o.a.ecodata.converter.RecordConverter  : No specific converter found for output data type number with class name au.org.ala.ecodata.converter.NumberConverter, using generic converter
2020-02-05 12:10:51.275 DEBUG --- [    Test worker] a.o.a.ecodata.converter.RecordConverter  : No specific converter found for output data type text with class name au.org.ala.ecodata.converter.TextConverter, using generic converter
2020-02-05 12:10:51.276 DEBUG --- [    Test worker] a.o.a.ecodata.converter.RecordConverter  : No specific converter found for output data type text with class name au.org.ala.ecodata.converter.TextConverter, using generic converter
2020-02-05 12:10:51.276 DEBUG --- [    Test worker] a.o.a.ecodata.converter.RecordConverter  : No specific converter found for output data type text with class name au.org.ala.ecodata.converter.TextConverter, using generic converter
2020-02-05 12:10:51.277 DEBUG --- [    Test worker] a.o.a.ecodata.converter.RecordConverter  : No specific converter found for output data type text with class name au.org.ala.ecodata.converter.TextConverter, using generic converter
2020-02-05 12:10:51.298 DEBUG --- [    Test worker] a.o.a.ecodata.converter.RecordConverter  : No specific converter found for output data type number with class name au.org.ala.ecodata.converter.NumberConverter, using generic converter
2020-02-05 12:10:51.299 DEBUG --- [    Test worker] a.o.a.ecodata.converter.RecordConverter  : No specific converter found for output data type text with class name au.org.ala.ecodata.converter.TextConverter, using generic converter
2020-02-05 12:10:51.300 DEBUG --- [    Test worker] a.o.a.ecodata.converter.RecordConverter  : No specific converter found for output data type text with class name au.org.ala.ecodata.converter.TextConverter, using generic converter
2020-02-05 12:10:51.341 DEBUG --- [    Test worker] a.o.a.ecodata.converter.RecordConverter  : No specific converter found for output data type text with class name au.org.ala.ecodata.converter.TextConverter, using generic converter
2020-02-05 12:10:51.343 DEBUG --- [    Test worker] a.o.a.ecodata.converter.RecordConverter  : No specific converter found for output data type text with class name au.org.ala.ecodata.converter.TextConverter, using generic converter
2020-02-05 12:10:51.348 DEBUG --- [    Test worker] a.o.a.ecodata.converter.RecordConverter  : No specific converter found for output data type number with class name au.org.ala.ecodata.converter.NumberConverter, using generic converter
2020-02-05 12:10:51.348 DEBUG --- [    Test worker] a.o.a.ecodata.converter.RecordConverter  : No specific converter found for output data type text with class name au.org.ala.ecodata.converter.TextConverter, using generic converter
2020-02-05 12:10:51.349 DEBUG --- [    Test worker] a.o.a.ecodata.converter.RecordConverter  : No specific converter found for output data type text with class name au.org.ala.ecodata.converter.TextConverter, using generic converter
2020-02-05 12:10:51.350 DEBUG --- [    Test worker] a.o.a.ecodata.converter.RecordConverter  : No specific converter found for output data type text with class name au.org.ala.ecodata.converter.TextConverter, using generic converter
2020-02-05 12:10:51.350 DEBUG --- [    Test worker] a.o.a.ecodata.converter.RecordConverter  : No specific converter found for output data type text with class name au.org.ala.ecodata.converter.TextConverter, using generic converter
2020-02-05 12:10:51.351 DEBUG --- [    Test worker] a.o.a.ecodata.converter.RecordConverter  : No specific converter found for output data type number with class name au.org.ala.ecodata.converter.NumberConverter, using generic converter
2020-02-05 12:10:51.352 DEBUG --- [    Test worker] a.o.a.ecodata.converter.RecordConverter  : No specific converter found for output data type text with class name au.org.ala.ecodata.converter.TextConverter, using generic converter
2020-02-05 12:10:51.353 DEBUG --- [    Test worker] a.o.a.ecodata.converter.RecordConverter  : No specific converter found for output data type text with class name au.org.ala.ecodata.converter.TextConverter, using generic converter
2020-02-05 12:10:51.354 DEBUG --- [    Test worker] a.o.a.ecodata.converter.RecordConverter  : No specific converter found for output data type text with class name au.org.ala.ecodata.converter.TextConverter, using generic converter
2020-02-05 12:10:51.354 DEBUG --- [    Test worker] a.o.a.ecodata.converter.RecordConverter  : No specific converter found for output data type text with class name au.org.ala.ecodata.converter.TextConverter, using generic converter
2020-02-05 12:10:51.388 DEBUG --- [    Test worker] a.o.a.ecodata.converter.RecordConverter  : No specific converter found for output data type number with class name au.org.ala.ecodata.converter.NumberConverter, using generic converter
2020-02-05 12:10:51.389 DEBUG --- [    Test worker] a.o.a.ecodata.converter.RecordConverter  : No specific converter found for output data type text with class name au.org.ala.ecodata.converter.TextConverter, using generic converter
2020-02-05 12:10:51.390 DEBUG --- [    Test worker] a.o.a.ecodata.converter.RecordConverter  : No specific converter found for output data type text with class name au.org.ala.ecodata.converter.TextConverter, using generic converter
2020-02-05 12:10:51.390 DEBUG --- [    Test worker] a.o.a.ecodata.converter.RecordConverter  : No specific converter found for output data type text with class name au.org.ala.ecodata.converter.TextConverter, using generic converter
2020-02-05 12:10:51.391 DEBUG --- [    Test worker] a.o.a.ecodata.converter.RecordConverter  : No specific converter found for output data type number with class name au.org.ala.ecodata.converter.NumberConverter, using generic converter
2020-02-05 12:10:51.392 DEBUG --- [    Test worker] a.o.a.ecodata.converter.RecordConverter  : No specific converter found for output data type text with class name au.org.ala.ecodata.converter.TextConverter, using generic converter
2020-02-05 12:10:51.392 DEBUG --- [    Test worker] a.o.a.ecodata.converter.RecordConverter  : No specific converter found for output data type text with class name au.org.ala.ecodata.converter.TextConverter, using generic converter
2020-02-05 12:10:51.393 DEBUG --- [    Test worker] a.o.a.ecodata.converter.RecordConverter  : No specific converter found for output data type text with class name au.org.ala.ecodata.converter.TextConverter, using generic converter
2020-02-05 12:10:51.393 DEBUG --- [    Test worker] a.o.a.ecodata.converter.RecordConverter  : No specific converter found for output data type text with class name au.org.ala.ecodata.converter.TextConverter, using generic converter
2020-02-05 12:10:51.394 DEBUG --- [    Test worker] a.o.a.ecodata.converter.RecordConverter  : No specific converter found for output data type text with class name au.org.ala.ecodata.converter.TextConverter, using generic converter
2020-02-05 12:10:51.395 DEBUG --- [    Test worker] a.o.a.ecodata.converter.RecordConverter  : No specific converter found for output data type text with class name au.org.ala.ecodata.converter.TextConverter, using generic converter
2020-02-05 12:10:51.449  WARN --- [    Test worker] au.org.ala.ecodata.DocumentService       : Unable to move file for document doc5: the file /home/radar/ecodata/./target/uploads/null does not exist.
2020-02-05 12:10:51.452  WARN --- [    Test worker] au.org.ala.ecodata.DocumentService       : Unable to move file for document doc6: the file /home/radar/ecodata/./target/uploads/null does not exist.
]]></system-out>
  <system-err><![CDATA[]]></system-err>
</testsuite>
