<?xml version="1.0" encoding="UTF-8"?>
<testsuite name="au.org.ala.ecodata.SearchControllerSpec" tests="1" skipped="0" failures="0" errors="0" timestamp="2020-02-05T12:10:53" hostname="canmove-dev" time="0.0">
  <properties/>
  <testcase name="fix me" classname="au.org.ala.ecodata.SearchControllerSpec" time="0.0"/>
  <system-out><![CDATA[]]></system-out>
  <system-err><![CDATA[]]></system-err>
</testsuite>
