<?xml version="1.0" encoding="UTF-8"?>
<testsuite name="au.org.ala.ecodata.ActivityFormServiceIntegrationSpec" tests="3" skipped="0" failures="0" errors="0" timestamp="2020-02-05T12:10:53" hostname="canmove-dev" time="0.206">
  <properties/>
  <testcase name="the service can retrieve an activity form by name and version" classname="au.org.ala.ecodata.ActivityFormServiceIntegrationSpec" time="0.099"/>
  <testcase name="if no version is supplied, the service will return the most recent published version" classname="au.org.ala.ecodata.ActivityFormServiceIntegrationSpec" time="0.046"/>
  <testcase name="the service can return a list of activity form names and versions" classname="au.org.ala.ecodata.ActivityFormServiceIntegrationSpec" time="0.061"/>
  <system-out><![CDATA[2020-02-05 12:10:53.905  INFO --- [    Test worker] o.s.t.c.support.AbstractContextLoader    : Could not detect default resource locations for test class [au.org.ala.ecodata.ActivityFormServiceIntegrationSpec]: no resource found for suffixes {-context.xml, Context.groovy}.
2020-02-05 12:10:53.911  INFO --- [    Test worker] .b.t.c.SpringBootTestContextBootstrapper : Loaded default TestExecutionListener class names from location [META-INF/spring.factories]: [org.springframework.test.context.web.ServletTestExecutionListener, org.springframework.test.context.support.DirtiesContextBeforeModesTestExecutionListener, org.springframework.test.context.support.DependencyInjectionTestExecutionListener, org.springframework.test.context.support.DirtiesContextTestExecutionListener, org.springframework.test.context.transaction.TransactionalTestExecutionListener, org.springframework.test.context.jdbc.SqlScriptsTestExecutionListener, org.springframework.boot.test.mock.mockito.MockitoTestExecutionListener, org.springframework.boot.test.mock.mockito.ResetMocksTestExecutionListener]
2020-02-05 12:10:53.913  INFO --- [    Test worker] .b.t.c.SpringBootTestContextBootstrapper : Using TestExecutionListeners: [org.springframework.test.context.web.ServletTestExecutionListener@a46b142, org.springframework.test.context.support.DirtiesContextBeforeModesTestExecutionListener@44b007f, org.springframework.boot.test.mock.mockito.MockitoTestExecutionListener@41acad2b, org.springframework.test.context.support.DependencyInjectionTestExecutionListener@1a698a4b, org.springframework.test.context.support.DirtiesContextTestExecutionListener@251af4e5, org.springframework.test.context.transaction.TransactionalTestExecutionListener@798e40c1, org.springframework.test.context.jdbc.SqlScriptsTestExecutionListener@5def6f2e, org.springframework.boot.test.mock.mockito.ResetMocksTestExecutionListener@b028d0a]
]]></system-out>
  <system-err><![CDATA[]]></system-err>
</testsuite>
