<?xml version="1.0" encoding="UTF-8"?>
<testsuite name="au.org.ala.ecodata.CommentControllerSpec" tests="1" skipped="0" failures="0" errors="0" timestamp="2020-02-05T12:10:51" hostname="canmove-dev" time="2.333">
  <properties/>
  <testcase name="list() should not return DELETED comments" classname="au.org.ala.ecodata.CommentControllerSpec" time="2.333"/>
  <system-out><![CDATA[2020-02-05 12:10:51.542  INFO --- [    Test worker] o.s.t.c.support.AbstractContextLoader    : Could not detect default resource locations for test class [au.org.ala.ecodata.CommentControllerSpec]: no resource found for suffixes {-context.xml, Context.groovy}.
2020-02-05 12:10:51.547  INFO --- [    Test worker] .b.t.c.SpringBootTestContextBootstrapper : Loaded default TestExecutionListener class names from location [META-INF/spring.factories]: [org.springframework.test.context.web.ServletTestExecutionListener, org.springframework.test.context.support.DirtiesContextBeforeModesTestExecutionListener, org.springframework.test.context.support.DependencyInjectionTestExecutionListener, org.springframework.test.context.support.DirtiesContextTestExecutionListener, org.springframework.test.context.transaction.TransactionalTestExecutionListener, org.springframework.test.context.jdbc.SqlScriptsTestExecutionListener, org.springframework.boot.test.mock.mockito.MockitoTestExecutionListener, org.springframework.boot.test.mock.mockito.ResetMocksTestExecutionListener]
2020-02-05 12:10:51.549  INFO --- [    Test worker] .b.t.c.SpringBootTestContextBootstrapper : Using TestExecutionListeners: [org.springframework.test.context.web.ServletTestExecutionListener@29934b27, org.springframework.test.context.support.DirtiesContextBeforeModesTestExecutionListener@d94379, org.springframework.boot.test.mock.mockito.MockitoTestExecutionListener@10488dff, org.springframework.test.context.support.DependencyInjectionTestExecutionListener@5704bc8a, org.springframework.test.context.support.DirtiesContextTestExecutionListener@64fd1f3e, org.springframework.test.context.transaction.TransactionalTestExecutionListener@2ef54a53, org.springframework.test.context.jdbc.SqlScriptsTestExecutionListener@7a861d07, org.springframework.boot.test.mock.mockito.ResetMocksTestExecutionListener@8941e31]
2020-02-05 12:10:53.539  WARN --- [    Test worker] g.a.services.au.org.ala.web.AuthService  : Failed to retrieve user details for userId: 111, includeProps: true. Error was: 
2020-02-05 12:10:53.539 DEBUG --- [    Test worker] au.org.ala.ecodata.UserService           : Unable to lookup user details for userId: 111
2020-02-05 12:10:53.879  WARN --- [    Test worker] g.a.services.au.org.ala.web.AuthService  : Failed to retrieve user details for userId: 111, includeProps: true. Error was: 
2020-02-05 12:10:53.879 DEBUG --- [    Test worker] au.org.ala.ecodata.UserService           : Unable to lookup user details for userId: 111
]]></system-out>
  <system-err><![CDATA[]]></system-err>
</testsuite>
