<?xml version="1.0" encoding="UTF-8"?>
<testsuite name="au.org.ala.ecodata.DocumentControllerSpec" tests="2" skipped="0" failures="0" errors="0" timestamp="2020-02-05T12:10:43" hostname="canmove-dev" time="0.611">
  <properties/>
  <testcase name="test create document" classname="au.org.ala.ecodata.DocumentControllerSpec" time="0.126"/>
  <testcase name="ensure thumbnails can be generated" classname="au.org.ala.ecodata.DocumentControllerSpec" time="0.485"/>
  <system-out><![CDATA[2020-02-05 12:10:43.581  INFO --- [    Test worker] o.s.t.c.support.AbstractContextLoader    : Could not detect default resource locations for test class [au.org.ala.ecodata.DocumentControllerSpec]: no resource found for suffixes {-context.xml, Context.groovy}.
2020-02-05 12:10:43.584  INFO --- [    Test worker] .b.t.c.SpringBootTestContextBootstrapper : Loaded default TestExecutionListener class names from location [META-INF/spring.factories]: [org.springframework.test.context.web.ServletTestExecutionListener, org.springframework.test.context.support.DirtiesContextBeforeModesTestExecutionListener, org.springframework.test.context.support.DependencyInjectionTestExecutionListener, org.springframework.test.context.support.DirtiesContextTestExecutionListener, org.springframework.test.context.transaction.TransactionalTestExecutionListener, org.springframework.test.context.jdbc.SqlScriptsTestExecutionListener, org.springframework.boot.test.mock.mockito.MockitoTestExecutionListener, org.springframework.boot.test.mock.mockito.ResetMocksTestExecutionListener]
2020-02-05 12:10:43.586  INFO --- [    Test worker] .b.t.c.SpringBootTestContextBootstrapper : Using TestExecutionListeners: [org.springframework.test.context.web.ServletTestExecutionListener@2a6445a2, org.springframework.test.context.support.DirtiesContextBeforeModesTestExecutionListener@6ebe312a, org.springframework.boot.test.mock.mockito.MockitoTestExecutionListener@7bfb75b6, org.springframework.test.context.support.DependencyInjectionTestExecutionListener@32066180, org.springframework.test.context.support.DirtiesContextTestExecutionListener@3a477b37, org.springframework.test.context.transaction.TransactionalTestExecutionListener@25ef2a34, org.springframework.test.context.jdbc.SqlScriptsTestExecutionListener@599adfa, org.springframework.boot.test.mock.mockito.ResetMocksTestExecutionListener@492d6a8]
2020-02-05 12:10:43.685 DEBUG --- [    Test worker] au.org.ala.ecodata.CommonService         : updating dynamicProperty to dynamicProperty
2020-02-05 12:10:43.685 DEBUG --- [    Test worker] au.org.ala.ecodata.CommonService         : updating filename to ehcache.xml
2020-02-05 12:10:43.686 DEBUG --- [    Test worker] au.org.ala.ecodata.CommonService         : updating role to Information
2020-02-05 12:10:43.686 DEBUG --- [    Test worker] au.org.ala.ecodata.CommonService         : updating filepath to 2020-02
2020-02-05 12:10:43.686 DEBUG --- [    Test worker] au.org.ala.ecodata.CommonService         : updating name to Test Document
2020-02-05 12:10:43.686 DEBUG --- [    Test worker] au.org.ala.ecodata.CommonService         : updating projectId to TestARoo
2020-02-05 12:10:43.686 DEBUG --- [    Test worker] au.org.ala.ecodata.CommonService         : updating contentType to image/jpg
]]></system-out>
  <system-err><![CDATA[]]></system-err>
</testsuite>
