<?xml version="1.0" encoding="UTF-8"?>
<testsuite name="au.org.ala.ecodata.ElasticSearchIndexServiceSpec" tests="12" skipped="0" failures="0" errors="0" timestamp="2020-02-05T12:10:00" hostname="canmove-dev" time="2.418">
  <properties/>
  <testcase name="View type : Invalid - Build a query that returns only non-embargoed records" classname="au.org.ala.ecodata.ElasticSearchIndexServiceSpec" time="0.554"/>
  <testcase name="View type: 'myrecords' and empty userId - Build a query that should return only non-embargoed records" classname="au.org.ala.ecodata.ElasticSearchIndexServiceSpec" time="0.185"/>
  <testcase name="View type: 'myrecords' and valid userId - Build a query that returns all records associated to the user." classname="au.org.ala.ecodata.ElasticSearchIndexServiceSpec" time="0.169"/>
  <testcase name="View type: 'project' - if ala admin or project member &gt;&gt; show all records associated to the project" classname="au.org.ala.ecodata.ElasticSearchIndexServiceSpec" time="0.17"/>
  <testcase name="View type: 'project'- if logged in user &gt;&gt; show non embargoed records + records created by user" classname="au.org.ala.ecodata.ElasticSearchIndexServiceSpec" time="0.19"/>
  <testcase name="View type: 'project'- if unauthenticated user and valid project &gt;&gt; show non embargoed records." classname="au.org.ala.ecodata.ElasticSearchIndexServiceSpec" time="0.142"/>
  <testcase name="View type: 'allrecords' - logged in users and ala admin &gt;&gt; show all records across the projects" classname="au.org.ala.ecodata.ElasticSearchIndexServiceSpec" time="0.166"/>
  <testcase name="View type: 'allrecords' - logged in users and not ala admin &gt;&gt; show embargoed records that user own or been a member of the projects" classname="au.org.ala.ecodata.ElasticSearchIndexServiceSpec" time="0.142"/>
  <testcase name="View type: 'allrecords', logged in users and not ala admin &gt;&gt; show embargoed records that user own " classname="au.org.ala.ecodata.ElasticSearchIndexServiceSpec" time="0.217"/>
  <testcase name="View type: 'allrecords' - unauthenticated user &gt;&gt; show only embargoed records across the projects." classname="au.org.ala.ecodata.ElasticSearchIndexServiceSpec" time="0.168"/>
  <testcase name="View type: 'allrecords' - unauthenticated user &gt;&gt; show only embargoed records across the projects and attach the searchTerm" classname="au.org.ala.ecodata.ElasticSearchIndexServiceSpec" time="0.149"/>
  <testcase name="the include and exclude parameters are optional" classname="au.org.ala.ecodata.ElasticSearchIndexServiceSpec" time="0.163"/>
  <system-out><![CDATA[[ecodata] Logging to /tmp
2020-02-05 12:10:00.987  INFO --- [    Test worker] o.s.w.c.s.GenericWebApplicationContext   : Refreshing org.springframework.web.context.support.GenericWebApplicationContext@35d1d2bb: startup date [Wed Feb 05 12:10:00 UTC 2020]; root of context hierarchy
2020-02-05 12:10:01.173  WARN --- [    Test worker] figurationPropertiesBindingPostProcessor : Multiple PropertySourcesPlaceholderConfigurer beans registered [grailsPlaceholderConfigurer, propertySourcesPlaceholderConfigurer], falling back to Environment
2020-02-05 12:10:01.173  INFO --- [    Test worker] trationDelegate$BeanPostProcessorChecker : Bean 'conversionService' of type [org.springframework.context.support.ConversionServiceFactoryBean] is not eligible for getting processed by all BeanPostProcessors (for example: not eligible for auto-proxying)
2020-02-05 12:10:01.173  INFO --- [    Test worker] trationDelegate$BeanPostProcessorChecker : Bean 'conversionService' of type [org.springframework.core.convert.support.DefaultConversionService] is not eligible for getting processed by all BeanPostProcessors (for example: not eligible for auto-proxying)
2020-02-05 12:10:01.226  INFO --- [    Test worker] au.org.ala.ecodata.ElasticSearchService  : Setting-up elasticsearch node and client
2020-02-05 12:10:01.374  INFO --- [    Test worker] au.org.ala.ecodata.ElasticSearchService  : Setting-up elasticsearch node and client
2020-02-05 12:10:01.585  INFO --- [    Test worker] au.org.ala.ecodata.ElasticSearchService  : Setting-up elasticsearch node and client
2020-02-05 12:10:01.745  INFO --- [    Test worker] au.org.ala.ecodata.ElasticSearchService  : Setting-up elasticsearch node and client
2020-02-05 12:10:01.946  INFO --- [    Test worker] au.org.ala.ecodata.ElasticSearchService  : Setting-up elasticsearch node and client
2020-02-05 12:10:02.094  INFO --- [    Test worker] au.org.ala.ecodata.ElasticSearchService  : Setting-up elasticsearch node and client
2020-02-05 12:10:02.258  INFO --- [    Test worker] au.org.ala.ecodata.ElasticSearchService  : Setting-up elasticsearch node and client
2020-02-05 12:10:02.404  INFO --- [    Test worker] au.org.ala.ecodata.ElasticSearchService  : Setting-up elasticsearch node and client
2020-02-05 12:10:02.575  INFO --- [    Test worker] au.org.ala.ecodata.ElasticSearchService  : Setting-up elasticsearch node and client
2020-02-05 12:10:02.797  INFO --- [    Test worker] au.org.ala.ecodata.ElasticSearchService  : Setting-up elasticsearch node and client
2020-02-05 12:10:02.942  INFO --- [    Test worker] au.org.ala.ecodata.ElasticSearchService  : Setting-up elasticsearch node and client
2020-02-05 12:10:03.086  INFO --- [    Test worker] au.org.ala.ecodata.ElasticSearchService  : Setting-up elasticsearch node and client
2020-02-05 12:10:03.217  INFO --- [    Test worker] o.s.w.c.s.GenericWebApplicationContext   : Closing org.springframework.web.context.support.GenericWebApplicationContext@35d1d2bb: startup date [Wed Feb 05 12:10:00 UTC 2020]; root of context hierarchy
]]></system-out>
  <system-err><![CDATA[]]></system-err>
</testsuite>
