<?xml version="1.0" encoding="UTF-8"?>
<testsuite name="au.org.ala.ecodata.LockServiceSpec" tests="6" skipped="0" failures="0" errors="0" timestamp="2020-02-05T12:09:58" hostname="canmove-dev" time="0.541">
  <properties/>
  <testcase name="a lock can only be obtained once" classname="au.org.ala.ecodata.LockServiceSpec" time="0.499"/>
  <testcase name="a lock can be released once obtained" classname="au.org.ala.ecodata.LockServiceSpec" time="0.007"/>
  <testcase name="a lock can be released by a different user to the one that obtained it" classname="au.org.ala.ecodata.LockServiceSpec" time="0.006"/>
  <testcase name="an executeWithLock block can be executed by a user holding the lock" classname="au.org.ala.ecodata.LockServiceSpec" time="0.009"/>
  <testcase name="an executeWithLock block cannot be executed when another user holds the lock" classname="au.org.ala.ecodata.LockServiceSpec" time="0.011"/>
  <testcase name="an executeWithLock block can be executed when the entity is not locked" classname="au.org.ala.ecodata.LockServiceSpec" time="0.008"/>
  <system-out><![CDATA[[ecodata] Logging to /tmp
[ecodata] Logging to /tmp
2020-02-05 12:09:58.236  INFO --- [    Test worker] o.s.w.c.s.GenericWebApplicationContext   : Refreshing org.springframework.web.context.support.GenericWebApplicationContext@67810eb1: startup date [Wed Feb 05 12:09:58 UTC 2020]; root of context hierarchy
2020-02-05 12:09:58.444  WARN --- [    Test worker] figurationPropertiesBindingPostProcessor : Multiple PropertySourcesPlaceholderConfigurer beans registered [grailsPlaceholderConfigurer, propertySourcesPlaceholderConfigurer], falling back to Environment
2020-02-05 12:09:58.445  INFO --- [    Test worker] trationDelegate$BeanPostProcessorChecker : Bean 'conversionService' of type [org.springframework.context.support.ConversionServiceFactoryBean] is not eligible for getting processed by all BeanPostProcessors (for example: not eligible for auto-proxying)
2020-02-05 12:09:58.445  INFO --- [    Test worker] trationDelegate$BeanPostProcessorChecker : Bean 'conversionService' of type [org.springframework.core.convert.support.DefaultConversionService] is not eligible for getting processed by all BeanPostProcessors (for example: not eligible for auto-proxying)
2020-02-05 12:09:58.584  INFO --- [    Test worker] o.s.w.c.s.GenericWebApplicationContext   : Closing org.springframework.web.context.support.GenericWebApplicationContext@67810eb1: startup date [Wed Feb 05 12:09:58 UTC 2020]; root of context hierarchy
]]></system-out>
  <system-err><![CDATA[]]></system-err>
</testsuite>
