<?xml version="1.0" encoding="UTF-8"?>
<testsuite name="au.org.ala.ecodata.ReportingServiceSpec" tests="6" skipped="0" failures="0" errors="0" timestamp="2020-02-05T12:09:35" hostname="canmove-dev" time="1.505">
  <properties/>
  <testcase name="Resetting a single activity report should delete associated output data" classname="au.org.ala.ecodata.ReportingServiceSpec" time="1.192"/>
  <testcase name="Resetting a report should fail if the report is submitted or approved" classname="au.org.ala.ecodata.ReportingServiceSpec" time="0.136"/>
  <testcase name="A submitted or approved report should not be able to be updated" classname="au.org.ala.ecodata.ReportingServiceSpec" time="0.019"/>
  <testcase name="A report of type adjustment cannot be adjusted" classname="au.org.ala.ecodata.ReportingServiceSpec" time="0.021"/>
  <testcase name="A report that is already adjusted cannot be adjusted again" classname="au.org.ala.ecodata.ReportingServiceSpec" time="0.017"/>
  <testcase name="Adjusting a report will create a new report of type Adjustment and update the status history of the original report" classname="au.org.ala.ecodata.ReportingServiceSpec" time="0.12"/>
  <system-out><![CDATA[[ecodata] Logging to /tmp
[ecodata] Logging to /tmp
2020-02-05 12:09:35.677  INFO --- [    Test worker] o.s.w.c.s.GenericWebApplicationContext   : Refreshing org.springframework.web.context.support.GenericWebApplicationContext@6a04dbf3: startup date [Wed Feb 05 12:09:35 UTC 2020]; root of context hierarchy
2020-02-05 12:09:35.952  WARN --- [    Test worker] figurationPropertiesBindingPostProcessor : Multiple PropertySourcesPlaceholderConfigurer beans registered [grailsPlaceholderConfigurer, propertySourcesPlaceholderConfigurer], falling back to Environment
2020-02-05 12:09:35.952  INFO --- [    Test worker] trationDelegate$BeanPostProcessorChecker : Bean 'conversionService' of type [org.springframework.context.support.ConversionServiceFactoryBean] is not eligible for getting processed by all BeanPostProcessors (for example: not eligible for auto-proxying)
2020-02-05 12:09:35.952  INFO --- [    Test worker] trationDelegate$BeanPostProcessorChecker : Bean 'conversionService' of type [org.springframework.core.convert.support.DefaultConversionService] is not eligible for getting processed by all BeanPostProcessors (for example: not eligible for auto-proxying)
2020-02-05 12:09:36.761 DEBUG --- [    Test worker] au.org.ala.ecodata.CommonService         : updating name to Adjustment: test 1
2020-02-05 12:09:36.763 DEBUG --- [    Test worker] au.org.ala.ecodata.CommonService         : updating description to Adjustment: description 1
2020-02-05 12:09:36.763 DEBUG --- [    Test worker] au.org.ala.ecodata.CommonService         : updating fromDate to Wed Feb 05 12:09:36 UTC 2020
2020-02-05 12:09:36.763 DEBUG --- [    Test worker] au.org.ala.ecodata.CommonService         : updating toDate to Wed Feb 05 12:09:36 UTC 2020
2020-02-05 12:09:36.764 DEBUG --- [    Test worker] au.org.ala.ecodata.CommonService         : updating type to Adjustment
2020-02-05 12:09:36.764 DEBUG --- [    Test worker] au.org.ala.ecodata.CommonService         : updating adjustedReportId to 1
2020-02-05 12:09:36.764 DEBUG --- [    Test worker] au.org.ala.ecodata.CommonService         : updating category to Adjustments
2020-02-05 12:09:36.764 DEBUG --- [    Test worker] au.org.ala.ecodata.CommonService         : updating activityType to test
2020-02-05 12:09:36.764 DEBUG --- [    Test worker] au.org.ala.ecodata.CommonService         : updating projectId to null
2020-02-05 12:09:36.765 DEBUG --- [    Test worker] au.org.ala.ecodata.CommonService         : updating programId to null
2020-02-05 12:09:36.765 DEBUG --- [    Test worker] au.org.ala.ecodata.CommonService         : updating organisationId to null
2020-02-05 12:09:36.765 DEBUG --- [    Test worker] au.org.ala.ecodata.CommonService         : updating submissionDate to Wed Feb 05 12:09:36 UTC 2020
2020-02-05 12:09:36.765 DEBUG --- [    Test worker] au.org.ala.ecodata.CommonService         : updating reportId to f3554a1c-de58-45c6-9b71-668015611364
2020-02-05 12:09:36.807  INFO --- [    Test worker] o.s.w.c.s.GenericWebApplicationContext   : Closing org.springframework.web.context.support.GenericWebApplicationContext@6a04dbf3: startup date [Wed Feb 05 12:09:35 UTC 2020]; root of context hierarchy
]]></system-out>
  <system-err><![CDATA[]]></system-err>
</testsuite>
