<?xml version="1.0" encoding="UTF-8"?>
<testsuite name="au.org.ala.ecodata.DocumentServiceSpec" tests="4" skipped="0" failures="0" errors="0" timestamp="2020-02-05T12:09:52" hostname="canmove-dev" time="3.325">
  <properties/>
  <testcase name="archiveFile should move the file from the main directory to the 'archive' directory" classname="au.org.ala.ecodata.DocumentServiceSpec" time="0.472"/>
  <testcase name="the documentService will ensure a unique filename for new Documents" classname="au.org.ala.ecodata.DocumentServiceSpec" time="0.391"/>
  <testcase name="thumbnails can be created for an image document" classname="au.org.ala.ecodata.DocumentServiceSpec" time="0.096"/>
  <testcase name="a rotated copy of an image will be created depending on the exif orientation" classname="au.org.ala.ecodata.DocumentServiceSpec" time="2.366"/>
  <system-out><![CDATA[[ecodata] Logging to /tmp
2020-02-05 12:09:52.390  INFO --- [    Test worker] o.s.w.c.s.GenericWebApplicationContext   : Refreshing org.springframework.web.context.support.GenericWebApplicationContext@111f933d: startup date [Wed Feb 05 12:09:52 UTC 2020]; root of context hierarchy
2020-02-05 12:09:52.590  WARN --- [    Test worker] figurationPropertiesBindingPostProcessor : Multiple PropertySourcesPlaceholderConfigurer beans registered [grailsPlaceholderConfigurer, propertySourcesPlaceholderConfigurer], falling back to Environment
2020-02-05 12:09:52.591  INFO --- [    Test worker] trationDelegate$BeanPostProcessorChecker : Bean 'conversionService' of type [org.springframework.context.support.ConversionServiceFactoryBean] is not eligible for getting processed by all BeanPostProcessors (for example: not eligible for auto-proxying)
2020-02-05 12:09:52.591  INFO --- [    Test worker] trationDelegate$BeanPostProcessorChecker : Bean 'conversionService' of type [org.springframework.core.convert.support.DefaultConversionService] is not eligible for getting processed by all BeanPostProcessors (for example: not eligible for auto-proxying)
2020-02-05 12:09:55.519  INFO --- [    Test worker] o.s.w.c.s.GenericWebApplicationContext   : Closing org.springframework.web.context.support.GenericWebApplicationContext@111f933d: startup date [Wed Feb 05 12:09:52 UTC 2020]; root of context hierarchy
]]></system-out>
  <system-err><![CDATA[]]></system-err>
</testsuite>
