<?xml version="1.0" encoding="UTF-8"?>
<testsuite name="au.org.ala.ecodata.SensitiveSpeciesServiceSpec" tests="5" skipped="0" failures="0" errors="0" timestamp="2020-02-05T12:09:50" hostname="canmove-dev" time="0.066">
  <properties/>
  <testcase name="species is not in sensitive list" classname="au.org.ala.ecodata.SensitiveSpeciesServiceSpec" time="0.043"/>
  <testcase name="species is in sensitive list" classname="au.org.ala.ecodata.SensitiveSpeciesServiceSpec" time="0.015"/>
  <testcase name="species is in sensitive list but not in the specified zone" classname="au.org.ala.ecodata.SensitiveSpeciesServiceSpec" time="0.003"/>
  <testcase name="get new coordinate if species falls under WA zone" classname="au.org.ala.ecodata.SensitiveSpeciesServiceSpec" time="0.003"/>
  <testcase name="get new coordinate if species falls under VIC zone" classname="au.org.ala.ecodata.SensitiveSpeciesServiceSpec" time="0.002"/>
  <system-out><![CDATA[]]></system-out>
  <system-err><![CDATA[]]></system-err>
</testsuite>
