<?xml version="1.0" encoding="UTF-8"?>
<testsuite name="au.org.ala.ecodata.GeometryUtilsSpec" tests="3" skipped="0" failures="0" errors="0" timestamp="2020-02-05T12:09:59" hostname="canmove-dev" time="0.103">
  <properties/>
  <testcase name="The GeometryUtils class provides a convenience method to convert and simplify geometry stored as a geojson Map" classname="au.org.ala.ecodata.GeometryUtilsSpec" time="0.025"/>
  <testcase name="The GeometryUtils class can find and identify neighbour polygons in a List of geojson Features" classname="au.org.ala.ecodata.GeometryUtilsSpec" time="0.064"/>
  <testcase name="The GeometryUtils class can assign distinct values such that neighbouring features do not share the same value" classname="au.org.ala.ecodata.GeometryUtilsSpec" time="0.014"/>
  <system-out><![CDATA[]]></system-out>
  <system-err><![CDATA[]]></system-err>
</testsuite>
