<?xml version="1.0" encoding="UTF-8"?>
<testsuite name="au.org.ala.ecodata.RecordServiceSpec" tests="5" skipped="0" failures="0" errors="0" timestamp="2020-02-05T12:09:33" hostname="canmove-dev" time="0.023">
  <properties/>
  <testcase name="test species name with display format - SCIENTIFICNAME(COMMONNAME) with scientific name in brackets" classname="au.org.ala.ecodata.RecordServiceSpec" time="0.022"/>
  <testcase name="test species name with display format - SCIENTIFICNAME(COMMONNAME)" classname="au.org.ala.ecodata.RecordServiceSpec" time="0.001"/>
  <testcase name="test species name with display format - COMMONNAME(SCIENTIFICNAME)" classname="au.org.ala.ecodata.RecordServiceSpec" time="0.0"/>
  <testcase name="test species name with display format - SCIENTIFICNAME" classname="au.org.ala.ecodata.RecordServiceSpec" time="0.0"/>
  <testcase name="test species name with display format - COMMONNAME" classname="au.org.ala.ecodata.RecordServiceSpec" time="0.0"/>
  <system-out><![CDATA[]]></system-out>
  <system-err><![CDATA[]]></system-err>
</testsuite>
