<?xml version="1.0" encoding="UTF-8"?>
<testsuite name="au.org.ala.ecodata.ReportServiceSpec" tests="8" skipped="0" failures="0" errors="0" timestamp="2020-02-05T12:09:49" hostname="canmove-dev" time="0.676">
  <properties/>
  <testcase name="the sum of a single property can be reported" classname="au.org.ala.ecodata.ReportServiceSpec" time="0.549"/>
  <testcase name="the sum of a property grouped by another property can be reported" classname="au.org.ala.ecodata.ReportServiceSpec" time="0.013"/>
  <testcase name="the filtered sum of a property can be reported" classname="au.org.ala.ecodata.ReportServiceSpec" time="0.009"/>
  <testcase name="test nested group sum aggregation" classname="au.org.ala.ecodata.ReportServiceSpec" time="0.014"/>
  <testcase name="testFilteredSumAggregationOfListAttribute" classname="au.org.ala.ecodata.ReportServiceSpec" time="0.01"/>
  <testcase name="testGroupByMultiValueField" classname="au.org.ala.ecodata.ReportServiceSpec" time="0.011"/>
  <testcase name="testTopLevelGrouping" classname="au.org.ala.ecodata.ReportServiceSpec" time="0.051"/>
  <testcase name="testTopLevelDateGrouping" classname="au.org.ala.ecodata.ReportServiceSpec" time="0.019"/>
  <system-out><![CDATA[[ecodata] Logging to /tmp
[ecodata] Logging to /tmp
2020-02-05 12:09:49.729  INFO --- [    Test worker] o.s.w.c.s.GenericWebApplicationContext   : Refreshing org.springframework.web.context.support.GenericWebApplicationContext@53b8cb23: startup date [Wed Feb 05 12:09:49 UTC 2020]; root of context hierarchy
2020-02-05 12:09:49.916  WARN --- [    Test worker] figurationPropertiesBindingPostProcessor : Multiple PropertySourcesPlaceholderConfigurer beans registered [grailsPlaceholderConfigurer, propertySourcesPlaceholderConfigurer], falling back to Environment
2020-02-05 12:09:49.917  INFO --- [    Test worker] trationDelegate$BeanPostProcessorChecker : Bean 'conversionService' of type [org.springframework.context.support.ConversionServiceFactoryBean] is not eligible for getting processed by all BeanPostProcessors (for example: not eligible for auto-proxying)
2020-02-05 12:09:49.917  INFO --- [    Test worker] trationDelegate$BeanPostProcessorChecker : Bean 'conversionService' of type [org.springframework.core.convert.support.DefaultConversionService] is not eligible for getting processed by all BeanPostProcessors (for example: not eligible for auto-proxying)
2020-02-05 12:09:50.159  INFO --- [    Test worker] o.s.w.c.s.GenericWebApplicationContext   : Closing org.springframework.web.context.support.GenericWebApplicationContext@53b8cb23: startup date [Wed Feb 05 12:09:49 UTC 2020]; root of context hierarchy
]]></system-out>
  <system-err><![CDATA[]]></system-err>
</testsuite>
