<?xml version="1.0" encoding="UTF-8"?>
<testsuite name="au.org.ala.ecodata.SiteServiceSpec" tests="6" skipped="0" failures="0" errors="0" timestamp="2020-02-05T12:09:51" hostname="canmove-dev" time="0.714">
  <properties/>
  <testcase name="The site extent can be converted to geojson" classname="au.org.ala.ecodata.SiteServiceSpec" time="0.625"/>
  <testcase name="Duplicate coordinates must be removed" classname="au.org.ala.ecodata.SiteServiceSpec" time="0.007"/>
  <testcase name="A new site can be created" classname="au.org.ala.ecodata.SiteServiceSpec" time="0.037"/>
  <testcase name="A new site should not allow the siteId to be supplied" classname="au.org.ala.ecodata.SiteServiceSpec" time="0.01"/>
  <testcase name="Any POIs supplied with a new site should be assigned IDs" classname="au.org.ala.ecodata.SiteServiceSpec" time="0.011"/>
  <testcase name="New sites without a centroid should have one assigned" classname="au.org.ala.ecodata.SiteServiceSpec" time="0.022"/>
  <system-out><![CDATA[[ecodata] Logging to /tmp
[ecodata] Logging to /tmp
2020-02-05 12:09:51.706  INFO --- [    Test worker] o.s.w.c.s.GenericWebApplicationContext   : Refreshing org.springframework.web.context.support.GenericWebApplicationContext@6ce49e72: startup date [Wed Feb 05 12:09:51 UTC 2020]; root of context hierarchy
2020-02-05 12:09:51.892  WARN --- [    Test worker] figurationPropertiesBindingPostProcessor : Multiple PropertySourcesPlaceholderConfigurer beans registered [grailsPlaceholderConfigurer, propertySourcesPlaceholderConfigurer], falling back to Environment
2020-02-05 12:09:51.893  INFO --- [    Test worker] trationDelegate$BeanPostProcessorChecker : Bean 'conversionService' of type [org.springframework.context.support.ConversionServiceFactoryBean] is not eligible for getting processed by all BeanPostProcessors (for example: not eligible for auto-proxying)
2020-02-05 12:09:51.893  INFO --- [    Test worker] trationDelegate$BeanPostProcessorChecker : Bean 'conversionService' of type [org.springframework.core.convert.support.DefaultConversionService] is not eligible for getting processed by all BeanPostProcessors (for example: not eligible for auto-proxying)
2020-02-05 12:09:52.092 DEBUG --- [    Test worker] au.org.ala.ecodata.SiteService           : Duplicate points identified - [1, 2]
2020-02-05 12:09:52.092 DEBUG --- [    Test worker] au.org.ala.ecodata.SiteService           : Duplicate points identified - [3, 4]
2020-02-05 12:09:52.093 DEBUG --- [    Test worker] au.org.ala.ecodata.SiteService           : Duplicate points identified - [5, 6]
2020-02-05 12:09:52.093 DEBUG --- [    Test worker] au.org.ala.ecodata.SiteService           : Duplicate points identified - [1, 2]
2020-02-05 12:09:52.093 DEBUG --- [    Test worker] au.org.ala.ecodata.SiteService           : Duplicate points identified - [3, 4]
2020-02-05 12:09:52.093 DEBUG --- [    Test worker] au.org.ala.ecodata.SiteService           : Duplicate points identified - [5, 6]
2020-02-05 12:09:52.096 DEBUG --- [    Test worker] au.org.ala.ecodata.SiteService           : Duplicate points identified - [1, 2]
2020-02-05 12:09:52.096 DEBUG --- [    Test worker] au.org.ala.ecodata.SiteService           : Duplicate points identified - [3, 4]
2020-02-05 12:09:52.096 DEBUG --- [    Test worker] au.org.ala.ecodata.SiteService           : Duplicate points identified - [5, 6]
2020-02-05 12:09:52.096 DEBUG --- [    Test worker] au.org.ala.ecodata.SiteService           : Duplicate points identified - [1, 2]
2020-02-05 12:09:52.096 DEBUG --- [    Test worker] au.org.ala.ecodata.SiteService           : Duplicate points identified - [3, 4]
2020-02-05 12:09:52.096 DEBUG --- [    Test worker] au.org.ala.ecodata.SiteService           : Duplicate points identified - [5, 6]
[[[[1, 2], [3, 4], [5, 6], [1, 2]]], [[[1, 2], [3, 4], [5, 6], [1, 2]], [[1, 2], [3, 4], [5, 6], [1, 2]]]]
2020-02-05 12:09:52.117 ERROR --- [    Test worker] au.org.ala.ecodata.SiteService           : Invalid site: null missing geometry
2020-02-05 12:09:52.117 DEBUG --- [    Test worker] au.org.ala.ecodata.CommonService         : updating name to Site 1
2020-02-05 12:09:52.140 ERROR --- [    Test worker] au.org.ala.ecodata.SiteService           : Invalid site: null missing geometry
2020-02-05 12:09:52.140 DEBUG --- [    Test worker] au.org.ala.ecodata.CommonService         : updating name to Site 1
2020-02-05 12:09:52.149 ERROR --- [    Test worker] au.org.ala.ecodata.SiteService           : Invalid site: null missing geometry
2020-02-05 12:09:52.150 DEBUG --- [    Test worker] au.org.ala.ecodata.CommonService         : updating name to Site 1
2020-02-05 12:09:52.150 DEBUG --- [    Test worker] au.org.ala.ecodata.CommonService         : updating poi to [[name:poi 1, geometry:[decimalLatitude:-35, decimalLongitude:140], poiId:9b793d0b-7c51-4183-870b-7d5f0a2560b4]]
2020-02-05 12:09:52.168 DEBUG --- [    Test worker] au.org.ala.ecodata.CommonService         : updating name to Site 1
2020-02-05 12:09:52.168 DEBUG --- [    Test worker] au.org.ala.ecodata.CommonService         : updating extent to [source:pid, geometry:[type:pid, pid:cl123, centre:[136.5, -34.5], aream2:1.0184354215738785E10, state:state1, test:test]]
2020-02-05 12:09:52.180  INFO --- [    Test worker] o.s.w.c.s.GenericWebApplicationContext   : Closing org.springframework.web.context.support.GenericWebApplicationContext@6ce49e72: startup date [Wed Feb 05 12:09:51 UTC 2020]; root of context hierarchy
]]></system-out>
  <system-err><![CDATA[]]></system-err>
</testsuite>
