<?xml version="1.0" encoding="UTF-8"?>
<testsuite name="au.org.ala.ecodata.converter.ListConverterSpec" tests="2" skipped="0" failures="0" errors="0" timestamp="2020-02-05T12:09:33" hostname="canmove-dev" time="0.007">
  <properties/>
  <testcase name="convert should create records for each list item in the output data model" classname="au.org.ala.ecodata.converter.ListConverterSpec" time="0.003"/>
  <testcase name="convert should extract Record attributes from the dwcAttribute of each item in the data model" classname="au.org.ala.ecodata.converter.ListConverterSpec" time="0.004"/>
  <system-out><![CDATA[2020-02-05 12:09:33.613 DEBUG --- [    Test worker] a.o.a.ecodata.converter.RecordConverter  : No specific converter found for output data type text with class name au.org.ala.ecodata.converter.TextConverter, using generic converter
2020-02-05 12:09:33.614 DEBUG --- [    Test worker] a.o.a.ecodata.converter.RecordConverter  : No specific converter found for output data type text with class name au.org.ala.ecodata.converter.TextConverter, using generic converter
2020-02-05 12:09:33.615 DEBUG --- [    Test worker] a.o.a.ecodata.converter.RecordConverter  : No specific converter found for output data type text with class name au.org.ala.ecodata.converter.TextConverter, using generic converter
2020-02-05 12:09:33.616 DEBUG --- [    Test worker] a.o.a.ecodata.converter.RecordConverter  : No specific converter found for output data type text with class name au.org.ala.ecodata.converter.TextConverter, using generic converter
2020-02-05 12:09:33.617 DEBUG --- [    Test worker] a.o.a.ecodata.converter.RecordConverter  : No specific converter found for output data type text with class name au.org.ala.ecodata.converter.TextConverter, using generic converter
2020-02-05 12:09:33.617 DEBUG --- [    Test worker] a.o.a.ecodata.converter.RecordConverter  : No specific converter found for output data type text with class name au.org.ala.ecodata.converter.TextConverter, using generic converter
2020-02-05 12:09:33.618 DEBUG --- [    Test worker] a.o.a.ecodata.converter.RecordConverter  : No specific converter found for output data type text with class name au.org.ala.ecodata.converter.TextConverter, using generic converter
2020-02-05 12:09:33.618 DEBUG --- [    Test worker] a.o.a.ecodata.converter.RecordConverter  : No specific converter found for output data type text with class name au.org.ala.ecodata.converter.TextConverter, using generic converter
2020-02-05 12:09:33.619 DEBUG --- [    Test worker] a.o.a.ecodata.converter.RecordConverter  : No specific converter found for output data type text with class name au.org.ala.ecodata.converter.TextConverter, using generic converter
2020-02-05 12:09:33.619 DEBUG --- [    Test worker] a.o.a.ecodata.converter.RecordConverter  : No specific converter found for output data type text with class name au.org.ala.ecodata.converter.TextConverter, using generic converter
]]></system-out>
  <system-err><![CDATA[]]></system-err>
</testsuite>
