<?xml version="1.0" encoding="UTF-8"?>
<testsuite name="au.org.ala.ecodata.metadata.OuptutModelProcessorSpec" tests="1" skipped="0" failures="0" errors="0" timestamp="2020-02-05T12:10:09" hostname="canmove-dev" time="0.012">
  <properties/>
  <testcase name="test the revegetation details output" classname="au.org.ala.ecodata.metadata.OuptutModelProcessorSpec" time="0.012"/>
  <system-out><![CDATA[]]></system-out>
  <system-err><![CDATA[]]></system-err>
</testsuite>
