<?xml version="1.0" encoding="UTF-8"?>
<testsuite name="au.org.ala.ecodata.ProgramSpec" tests="3" skipped="0" failures="0" errors="0" timestamp="2020-02-05T12:09:56" hostname="canmove-dev" time="0.046">
  <properties/>
  <testcase name="Associated sub-programs should be returned" classname="au.org.ala.ecodata.ProgramSpec" time="0.021"/>
  <testcase name="program configuration is inheritable from parent programs" classname="au.org.ala.ecodata.ProgramSpec" time="0.014"/>
  <testcase name="when a program is retrieved, the parent program name and id are included" classname="au.org.ala.ecodata.ProgramSpec" time="0.011"/>
  <system-out><![CDATA[[ecodata] Logging to /tmp
]]></system-out>
  <system-err><![CDATA[]]></system-err>
</testsuite>
