<?xml version="1.0" encoding="UTF-8"?>
<testsuite name="au.org.ala.ecodata.PermissionServiceSpec" tests="9" skipped="0" failures="0" errors="0" timestamp="2020-02-05T12:10:04" hostname="canmove-dev" time="0.691">
  <properties/>
  <testcase name="the list of users with permissions configured on a hub can be returned" classname="au.org.ala.ecodata.PermissionServiceSpec" time="0.466"/>
  <testcase name="A user can be assigned a role for a hub" classname="au.org.ala.ecodata.PermissionServiceSpec" time="0.022"/>
  <testcase name="A user can only be assigned one role for a hub" classname="au.org.ala.ecodata.PermissionServiceSpec" time="0.014"/>
  <testcase name="A user can have a role unassigned from a hub" classname="au.org.ala.ecodata.PermissionServiceSpec" time="0.009"/>
  <testcase name="A user can be assigned a role for a program" classname="au.org.ala.ecodata.PermissionServiceSpec" time="0.008"/>
  <testcase name="A user can only be assigned one role for a program" classname="au.org.ala.ecodata.PermissionServiceSpec" time="0.015"/>
  <testcase name="A user can have a role unassigned from a program" classname="au.org.ala.ecodata.PermissionServiceSpec" time="0.009"/>
  <testcase name="the list of users with permissions configured on a program can be returned" classname="au.org.ala.ecodata.PermissionServiceSpec" time="0.019"/>
  <testcase name="A user with moderator role on a project must get access permission" classname="au.org.ala.ecodata.PermissionServiceSpec" time="0.128"/>
  <system-out><![CDATA[[ecodata] Logging to /tmp
[ecodata] Logging to /tmp
2020-02-05 12:10:04.555  INFO --- [    Test worker] o.s.w.c.s.GenericWebApplicationContext   : Refreshing org.springframework.web.context.support.GenericWebApplicationContext@6b582cb1: startup date [Wed Feb 05 12:10:04 UTC 2020]; root of context hierarchy
2020-02-05 12:10:04.735  WARN --- [    Test worker] figurationPropertiesBindingPostProcessor : Multiple PropertySourcesPlaceholderConfigurer beans registered [grailsPlaceholderConfigurer, propertySourcesPlaceholderConfigurer], falling back to Environment
2020-02-05 12:10:04.736  INFO --- [    Test worker] trationDelegate$BeanPostProcessorChecker : Bean 'conversionService' of type [org.springframework.context.support.ConversionServiceFactoryBean] is not eligible for getting processed by all BeanPostProcessors (for example: not eligible for auto-proxying)
2020-02-05 12:10:04.736  INFO --- [    Test worker] trationDelegate$BeanPostProcessorChecker : Bean 'conversionService' of type [org.springframework.core.convert.support.DefaultConversionService] is not eligible for getting processed by all BeanPostProcessors (for example: not eligible for auto-proxying)
2020-02-05 12:10:04.841 DEBUG --- [    Test worker] au.org.ala.ecodata.PermissionService     : 0. prevRoles = []
2020-02-05 12:10:04.857 DEBUG --- [    Test worker] au.org.ala.ecodata.PermissionService     : 0. prevRoles = [au.org.ala.ecodata.UserPermission : 5e3ab09c25bea22a2bd5f909]
2020-02-05 12:10:04.860 DEBUG --- [    Test worker] au.org.ala.ecodata.PermissionService     : 1. prevRole = au.org.ala.ecodata.UserPermission : 5e3ab09c25bea22a2bd5f909
2020-02-05 12:10:04.877 DEBUG --- [    Test worker] au.org.ala.ecodata.PermissionService     : 0. prevRoles = []
2020-02-05 12:10:04.889 DEBUG --- [    Test worker] au.org.ala.ecodata.PermissionService     : 0. prevRoles = [au.org.ala.ecodata.UserPermission : 5e3ab09c25bea22a2bd5f90d]
2020-02-05 12:10:04.892 DEBUG --- [    Test worker] au.org.ala.ecodata.PermissionService     : 1. prevRole = au.org.ala.ecodata.UserPermission : 5e3ab09c25bea22a2bd5f90d
2020-02-05 12:10:04.939 DEBUG --- [    Test worker] au.org.ala.ecodata.PermissionService     : userHasPermission = false
2020-02-05 12:10:04.951 DEBUG --- [    Test worker] au.org.ala.ecodata.PermissionService     : userHasPermission = false
2020-02-05 12:10:04.969 DEBUG --- [    Test worker] au.org.ala.ecodata.PermissionService     : userHasPermission = true
2020-02-05 12:10:04.983 DEBUG --- [    Test worker] au.org.ala.ecodata.PermissionService     : userHasPermission = false
2020-02-05 12:10:04.996 DEBUG --- [    Test worker] au.org.ala.ecodata.PermissionService     : userHasPermission = false
2020-02-05 12:10:05.009 DEBUG --- [    Test worker] au.org.ala.ecodata.PermissionService     : userHasPermission = false
2020-02-05 12:10:05.021 DEBUG --- [    Test worker] au.org.ala.ecodata.PermissionService     : userHasPermission = false
2020-02-05 12:10:05.039 DEBUG --- [    Test worker] au.org.ala.ecodata.PermissionService     : userHasPermission = true
2020-02-05 12:10:05.053 DEBUG --- [    Test worker] au.org.ala.ecodata.PermissionService     : userHasPermission = false
2020-02-05 12:10:05.056  INFO --- [    Test worker] o.s.w.c.s.GenericWebApplicationContext   : Closing org.springframework.web.context.support.GenericWebApplicationContext@6b582cb1: startup date [Wed Feb 05 12:10:04 UTC 2020]; root of context hierarchy
]]></system-out>
  <system-err><![CDATA[]]></system-err>
</testsuite>
