<?xml version="1.0" encoding="UTF-8"?>
<testsuite name="au.org.ala.ecodata.PermissionsControllerSpec" tests="18" skipped="0" failures="0" errors="0" timestamp="2020-02-05T12:10:05" hostname="canmove-dev" time="0.705">
  <properties/>
  <testcase name="canUserEditProjects: when not all parameters are passed" classname="au.org.ala.ecodata.PermissionsControllerSpec" time="0.128"/>
  <testcase name="canUserEditProjects: when nothing is returned" classname="au.org.ala.ecodata.PermissionsControllerSpec" time="0.105"/>
  <testcase name="canUserEditProjects: when mongo throws exception" classname="au.org.ala.ecodata.PermissionsControllerSpec" time="0.015"/>
  <testcase name="canUserEditProjects: when working perfectly" classname="au.org.ala.ecodata.PermissionsControllerSpec" time="0.008"/>
  <testcase name="A user can be assigned a role for a program" classname="au.org.ala.ecodata.PermissionsControllerSpec" time="0.046"/>
  <testcase name="All parameters must be supplied when assigning a user a program role" classname="au.org.ala.ecodata.PermissionsControllerSpec" time="0.047"/>
  <testcase name="A valid role must be supplied when assigning a user a program role" classname="au.org.ala.ecodata.PermissionsControllerSpec" time="0.06"/>
  <testcase name="A user can have a role unassigned for a program" classname="au.org.ala.ecodata.PermissionsControllerSpec" time="0.016"/>
  <testcase name="All parameters must be supplied when unassigning a user from a program role" classname="au.org.ala.ecodata.PermissionsControllerSpec" time="0.03"/>
  <testcase name="the members of a program can be returned" classname="au.org.ala.ecodata.PermissionsControllerSpec" time="0.006"/>
  <testcase name="the member of programs can be returned in batches" classname="au.org.ala.ecodata.PermissionsControllerSpec" time="0.004"/>
  <testcase name="A valid role must be supplied when unassigning a user from a program role" classname="au.org.ala.ecodata.PermissionsControllerSpec" time="0.043"/>
  <testcase name="A user can be assigned a role for a hub" classname="au.org.ala.ecodata.PermissionsControllerSpec" time="0.073"/>
  <testcase name="All parameters must be supplied when assigning a user a hub role" classname="au.org.ala.ecodata.PermissionsControllerSpec" time="0.021"/>
  <testcase name="A valid role must be supplied when assigning a user a hub role" classname="au.org.ala.ecodata.PermissionsControllerSpec" time="0.035"/>
  <testcase name="A user can have a role unassigned from a hub" classname="au.org.ala.ecodata.PermissionsControllerSpec" time="0.011"/>
  <testcase name="All parameters must be supplied when unassigning a user from a hub role" classname="au.org.ala.ecodata.PermissionsControllerSpec" time="0.019"/>
  <testcase name="A valid role must be supplied when unassigning a user from a hub role" classname="au.org.ala.ecodata.PermissionsControllerSpec" time="0.038"/>
  <system-out><![CDATA[[ecodata] Logging to /tmp
2020-02-05 12:10:05.393  INFO --- [    Test worker] o.s.w.c.s.GenericWebApplicationContext   : Refreshing org.springframework.web.context.support.GenericWebApplicationContext@32b11b4d: startup date [Wed Feb 05 12:10:05 UTC 2020]; root of context hierarchy
2020-02-05 12:10:05.562  WARN --- [    Test worker] figurationPropertiesBindingPostProcessor : Multiple PropertySourcesPlaceholderConfigurer beans registered [grailsPlaceholderConfigurer, propertySourcesPlaceholderConfigurer], falling back to Environment
2020-02-05 12:10:05.563  INFO --- [    Test worker] trationDelegate$BeanPostProcessorChecker : Bean 'conversionService' of type [org.springframework.context.support.ConversionServiceFactoryBean] is not eligible for getting processed by all BeanPostProcessors (for example: not eligible for auto-proxying)
2020-02-05 12:10:05.563  INFO --- [    Test worker] trationDelegate$BeanPostProcessorChecker : Bean 'conversionService' of type [org.springframework.core.convert.support.DefaultConversionService] is not eligible for getting processed by all BeanPostProcessors (for example: not eligible for auto-proxying)
2020-02-05 12:10:05.909 ERROR --- [    Test worker] a.org.ala.ecodata.PermissionsController  : Cannot execute query!

com.mongodb.MongoExecutionTimeoutException: Cannot execute query!
	at sun.reflect.NativeConstructorAccessorImpl.newInstance0(Native Method)
	at sun.reflect.NativeConstructorAccessorImpl.newInstance(NativeConstructorAccessorImpl.java:62)
	at sun.reflect.DelegatingConstructorAccessorImpl.newInstance(DelegatingConstructorAccessorImpl.java:45)
	at java.lang.reflect.Constructor.newInstance(Constructor.java:423)
	at org.codehaus.groovy.reflection.CachedConstructor.invoke(CachedConstructor.java:83)
	at org.codehaus.groovy.runtime.callsite.ConstructorSite$ConstructorSiteNoUnwrapNoCoerce.callConstructor(ConstructorSite.java:105)
	at org.codehaus.groovy.runtime.callsite.CallSiteArray.defaultCallConstructor(CallSiteArray.java:59)
	at org.codehaus.groovy.runtime.callsite.AbstractCallSite.callConstructor(AbstractCallSite.java:238)
	at org.codehaus.groovy.runtime.callsite.AbstractCallSite.callConstructor(AbstractCallSite.java:258)
	at au.org.ala.ecodata.PermissionsControllerSpec$__spock_feature_0_2_closure1.doCall(PermissionsControllerSpec.groovy:50)
	at sun.reflect.NativeMethodAccessorImpl.invoke0(Native Method)
	at sun.reflect.NativeMethodAccessorImpl.invoke(NativeMethodAccessorImpl.java:62)
	at sun.reflect.DelegatingMethodAccessorImpl.invoke(DelegatingMethodAccessorImpl.java:43)
	at java.lang.reflect.Method.invoke(Method.java:498)
	at org.codehaus.groovy.reflection.CachedMethod.invoke(CachedMethod.java:98)
	at groovy.lang.MetaMethod.doMethodInvoke(MetaMethod.java:325)
	at org.codehaus.groovy.runtime.metaclass.ClosureMetaClass.invokeMethod(ClosureMetaClass.java:264)
	at groovy.lang.MetaClassImpl.invokeMethod(MetaClassImpl.java:1034)
	at groovy.lang.Closure.call(Closure.java:420)
	at org.spockframework.runtime.GroovyRuntimeUtil.invokeClosure(GroovyRuntimeUtil.java:204)
	at org.spockframework.mock.response.CodeResponseGenerator.invokeClosure(CodeResponseGenerator.java:53)
	at org.spockframework.mock.response.CodeResponseGenerator.doRespond(CodeResponseGenerator.java:36)
	at org.spockframework.mock.response.SingleResponseGenerator.respond(SingleResponseGenerator.java:31)
	at org.spockframework.mock.response.ResponseGeneratorChain.respond(ResponseGeneratorChain.java:45)
	at org.spockframework.mock.runtime.MockInteraction.accept(MockInteraction.java:76)
	at org.spockframework.mock.runtime.MockInteractionDecorator.accept(MockInteractionDecorator.java:46)
	at org.spockframework.mock.runtime.InteractionScope$1.accept(InteractionScope.java:41)
	at org.spockframework.mock.runtime.MockController.handle(MockController.java:39)
	at org.spockframework.mock.runtime.JavaMockInterceptor.intercept(JavaMockInterceptor.java:74)
	at org.spockframework.mock.runtime.CglibMockInterceptorAdapter.intercept(CglibMockInterceptorAdapter.java:30)
	at au.org.ala.ecodata.PermissionService$$EnhancerByCGLIB$$61dbdcf.isUserAdminForProjects(<generated>)
	at au.org.ala.ecodata.PermissionService$isUserAdminForProjects$10.call(Unknown Source)
	at au.org.ala.ecodata.PermissionsController.canUserEditProjects(PermissionsController.groovy:832)
	at sun.reflect.NativeMethodAccessorImpl.invoke0(Native Method)
	at sun.reflect.NativeMethodAccessorImpl.invoke(NativeMethodAccessorImpl.java:62)
	at sun.reflect.DelegatingMethodAccessorImpl.invoke(DelegatingMethodAccessorImpl.java:43)
	at java.lang.reflect.Method.invoke(Method.java:498)
	at org.grails.testing.runtime.support.ActionSettingMethodHandler.invoke(ActionSettingMethodHandler.groovy:29)
	at au.org.ala.ecodata.PermissionsController_$$_jvst37_4.canUserEditProjects(PermissionsController_$$_jvst37_4.java)
	at au.org.ala.ecodata.PermissionsController$canUserEditProjects.call(Unknown Source)
	at org.codehaus.groovy.runtime.callsite.CallSiteArray.defaultCall(CallSiteArray.java:47)
	at org.codehaus.groovy.runtime.callsite.AbstractCallSite.call(AbstractCallSite.java:116)
	at org.codehaus.groovy.runtime.callsite.AbstractCallSite.call(AbstractCallSite.java:120)
	at au.org.ala.ecodata.PermissionsControllerSpec.$spock_feature_0_2(PermissionsControllerSpec.groovy:54)
	at sun.reflect.NativeMethodAccessorImpl.invoke0(Native Method)
	at sun.reflect.NativeMethodAccessorImpl.invoke(NativeMethodAccessorImpl.java:62)
	at sun.reflect.DelegatingMethodAccessorImpl.invoke(DelegatingMethodAccessorImpl.java:43)
	at java.lang.reflect.Method.invoke(Method.java:498)
	at org.spockframework.util.ReflectionUtil.invokeMethod(ReflectionUtil.java:188)
	at org.spockframework.runtime.model.MethodInfo.invoke(MethodInfo.java:84)
	at org.spockframework.runtime.BaseSpecRunner.invokeRaw(BaseSpecRunner.java:481)
	at org.spockframework.runtime.BaseSpecRunner.invoke(BaseSpecRunner.java:464)
	at org.spockframework.runtime.BaseSpecRunner.runFeatureMethod(BaseSpecRunner.java:406)
	at org.spockframework.runtime.BaseSpecRunner.doRunIteration(BaseSpecRunner.java:324)
	at org.spockframework.runtime.BaseSpecRunner$6.invoke(BaseSpecRunner.java:309)
	at org.spockframework.runtime.BaseSpecRunner.invokeRaw(BaseSpecRunner.java:481)
	at org.spockframework.runtime.BaseSpecRunner.invoke(BaseSpecRunner.java:464)
	at org.spockframework.runtime.BaseSpecRunner.runIteration(BaseSpecRunner.java:288)
	at org.spockframework.runtime.BaseSpecRunner.initializeAndRunIteration(BaseSpecRunner.java:278)
	at org.spockframework.runtime.BaseSpecRunner.runSimpleFeature(BaseSpecRunner.java:269)
	at org.spockframework.runtime.BaseSpecRunner.doRunFeature(BaseSpecRunner.java:263)
	at org.spockframework.runtime.BaseSpecRunner$5.invoke(BaseSpecRunner.java:246)
	at org.spockframework.runtime.BaseSpecRunner.invokeRaw(BaseSpecRunner.java:481)
	at org.spockframework.runtime.BaseSpecRunner.invoke(BaseSpecRunner.java:464)
	at org.spockframework.runtime.BaseSpecRunner.runFeature(BaseSpecRunner.java:238)
	at org.spockframework.runtime.BaseSpecRunner.runFeatures(BaseSpecRunner.java:188)
	at org.spockframework.runtime.BaseSpecRunner.doRunSpec(BaseSpecRunner.java:98)
	at org.spockframework.runtime.BaseSpecRunner$1.invoke(BaseSpecRunner.java:84)
	at org.spockframework.runtime.BaseSpecRunner.invokeRaw(BaseSpecRunner.java:481)
	at org.spockframework.runtime.BaseSpecRunner.invoke(BaseSpecRunner.java:464)
	at org.spockframework.runtime.BaseSpecRunner.runSpec(BaseSpecRunner.java:76)
	at org.spockframework.runtime.BaseSpecRunner.run(BaseSpecRunner.java:67)
	at org.spockframework.runtime.Sputnik.run(Sputnik.java:63)
	at org.gradle.api.internal.tasks.testing.junit.JUnitTestClassExecuter.runTestClass(JUnitTestClassExecuter.java:114)
	at org.gradle.api.internal.tasks.testing.junit.JUnitTestClassExecuter.execute(JUnitTestClassExecuter.java:57)
	at org.gradle.api.internal.tasks.testing.junit.JUnitTestClassProcessor.processTestClass(JUnitTestClassProcessor.java:66)
	at org.gradle.api.internal.tasks.testing.SuiteTestClassProcessor.processTestClass(SuiteTestClassProcessor.java:51)
	at sun.reflect.GeneratedMethodAccessor261.invoke(Unknown Source)
	at sun.reflect.DelegatingMethodAccessorImpl.invoke(DelegatingMethodAccessorImpl.java:43)
	at java.lang.reflect.Method.invoke(Method.java:498)
	at org.gradle.internal.dispatch.ReflectionDispatch.dispatch(ReflectionDispatch.java:35)
	at org.gradle.internal.dispatch.ReflectionDispatch.dispatch(ReflectionDispatch.java:24)
	at org.gradle.internal.dispatch.ContextClassLoaderDispatch.dispatch(ContextClassLoaderDispatch.java:32)
	at org.gradle.internal.dispatch.ProxyDispatchAdapter$DispatchingInvocationHandler.invoke(ProxyDispatchAdapter.java:93)
	at com.sun.proxy.$Proxy3.processTestClass(Unknown Source)
	at org.gradle.api.internal.tasks.testing.worker.TestWorker.processTestClass(TestWorker.java:109)
	at sun.reflect.GeneratedMethodAccessor260.invoke(Unknown Source)
	at sun.reflect.DelegatingMethodAccessorImpl.invoke(DelegatingMethodAccessorImpl.java:43)
	at java.lang.reflect.Method.invoke(Method.java:498)
	at org.gradle.internal.dispatch.ReflectionDispatch.dispatch(ReflectionDispatch.java:35)
	at org.gradle.internal.dispatch.ReflectionDispatch.dispatch(ReflectionDispatch.java:24)
	at org.gradle.internal.remote.internal.hub.MessageHubBackedObjectConnection$DispatchWrapper.dispatch(MessageHubBackedObjectConnection.java:147)
	at org.gradle.internal.remote.internal.hub.MessageHubBackedObjectConnection$DispatchWrapper.dispatch(MessageHubBackedObjectConnection.java:129)
	at org.gradle.internal.remote.internal.hub.MessageHub$Handler.run(MessageHub.java:404)
	at org.gradle.internal.concurrent.ExecutorPolicy$CatchAndRecordFailures.onExecute(ExecutorPolicy.java:63)
	at org.gradle.internal.concurrent.StoppableExecutorImpl$1.run(StoppableExecutorImpl.java:46)
	at java.util.concurrent.ThreadPoolExecutor.runWorker(ThreadPoolExecutor.java:1149)
	at java.util.concurrent.ThreadPoolExecutor$Worker.run(ThreadPoolExecutor.java:624)
	at java.lang.Thread.run(Thread.java:748)

success: null
2020-02-05 12:10:06.375  INFO --- [    Test worker] o.s.w.c.s.GenericWebApplicationContext   : Closing org.springframework.web.context.support.GenericWebApplicationContext@32b11b4d: startup date [Wed Feb 05 12:10:05 UTC 2020]; root of context hierarchy
]]></system-out>
  <system-err><![CDATA[]]></system-err>
</testsuite>
