<?xml version="1.0" encoding="UTF-8"?>
<testsuite name="au.org.ala.ecodata.OrganisationServiceSpec" tests="3" skipped="0" failures="0" errors="0" timestamp="2020-02-05T12:09:44" hostname="canmove-dev" time="0.236">
  <properties/>
  <testcase name="test create organisation" classname="au.org.ala.ecodata.OrganisationServiceSpec" time="0.171"/>
  <testcase name="Organisations should still be created if collectory institution creation fails" classname="au.org.ala.ecodata.OrganisationServiceSpec" time="0.048"/>
  <testcase name="test organisation validation" classname="au.org.ala.ecodata.OrganisationServiceSpec" time="0.015"/>
  <system-out><![CDATA[[ecodata] Logging to /tmp
2020-02-05 12:09:43.971  INFO --- [    Test worker] o.s.w.c.s.GenericWebApplicationContext   : Refreshing org.springframework.web.context.support.GenericWebApplicationContext@52888aad: startup date [Wed Feb 05 12:09:43 UTC 2020]; root of context hierarchy
2020-02-05 12:09:44.151  WARN --- [    Test worker] figurationPropertiesBindingPostProcessor : Multiple PropertySourcesPlaceholderConfigurer beans registered [grailsPlaceholderConfigurer, propertySourcesPlaceholderConfigurer], falling back to Environment
2020-02-05 12:09:44.152  INFO --- [    Test worker] trationDelegate$BeanPostProcessorChecker : Bean 'conversionService' of type [org.springframework.context.support.ConversionServiceFactoryBean] is not eligible for getting processed by all BeanPostProcessors (for example: not eligible for auto-proxying)
2020-02-05 12:09:44.152  INFO --- [    Test worker] trationDelegate$BeanPostProcessorChecker : Bean 'conversionService' of type [org.springframework.core.convert.support.DefaultConversionService] is not eligible for getting processed by all BeanPostProcessors (for example: not eligible for auto-proxying)
2020-02-05 12:09:44.362 DEBUG --- [    Test worker] au.org.ala.ecodata.CommonService         : updating name to test org
2020-02-05 12:09:44.373 DEBUG --- [    Test worker] au.org.ala.ecodata.CommonService         : updating description to test org description
2020-02-05 12:09:44.374 DEBUG --- [    Test worker] au.org.ala.ecodata.CommonService         : updating dynamicProperty to dynamicProperty
2020-02-05 12:09:44.425 ERROR --- [    Test worker] au.org.ala.ecodata.OrganisationService   : Failed to establish collectory link for organisation another test org

java.lang.RuntimeException: test message
	at sun.reflect.NativeConstructorAccessorImpl.newInstance0(Native Method)
	at sun.reflect.NativeConstructorAccessorImpl.newInstance(NativeConstructorAccessorImpl.java:62)
	at sun.reflect.DelegatingConstructorAccessorImpl.newInstance(DelegatingConstructorAccessorImpl.java:45)
	at java.lang.reflect.Constructor.newInstance(Constructor.java:423)
	at org.codehaus.groovy.reflection.CachedConstructor.invoke(CachedConstructor.java:83)
	at org.codehaus.groovy.runtime.callsite.ConstructorSite$ConstructorSiteNoUnwrapNoCoerce.callConstructor(ConstructorSite.java:105)
	at org.codehaus.groovy.runtime.callsite.CallSiteArray.defaultCallConstructor(CallSiteArray.java:59)
	at org.codehaus.groovy.runtime.callsite.AbstractCallSite.callConstructor(AbstractCallSite.java:238)
	at org.codehaus.groovy.runtime.callsite.AbstractCallSite.callConstructor(AbstractCallSite.java:250)
	at au.org.ala.ecodata.OrganisationServiceSpec$__spock_feature_0_1_closure3.doCall(OrganisationServiceSpec.groovy:77)
	at sun.reflect.NativeMethodAccessorImpl.invoke0(Native Method)
	at sun.reflect.NativeMethodAccessorImpl.invoke(NativeMethodAccessorImpl.java:62)
	at sun.reflect.DelegatingMethodAccessorImpl.invoke(DelegatingMethodAccessorImpl.java:43)
	at java.lang.reflect.Method.invoke(Method.java:498)
	at org.codehaus.groovy.reflection.CachedMethod.invoke(CachedMethod.java:98)
	at groovy.lang.MetaMethod.doMethodInvoke(MetaMethod.java:325)
	at org.codehaus.groovy.runtime.metaclass.ClosureMetaClass.invokeMethod(ClosureMetaClass.java:264)
	at groovy.lang.MetaClassImpl.invokeMethod(MetaClassImpl.java:1034)
	at groovy.lang.Closure.call(Closure.java:420)
	at org.spockframework.runtime.GroovyRuntimeUtil.invokeClosure(GroovyRuntimeUtil.java:204)
	at org.spockframework.mock.response.CodeResponseGenerator.invokeClosure(CodeResponseGenerator.java:53)
	at org.spockframework.mock.response.CodeResponseGenerator.doRespond(CodeResponseGenerator.java:36)
	at org.spockframework.mock.response.SingleResponseGenerator.respond(SingleResponseGenerator.java:31)
	at org.spockframework.mock.response.ResponseGeneratorChain.respond(ResponseGeneratorChain.java:45)
	at org.spockframework.mock.runtime.MockInteraction.accept(MockInteraction.java:76)
	at org.spockframework.mock.runtime.MockInteractionDecorator.accept(MockInteractionDecorator.java:46)
	at org.spockframework.mock.runtime.InteractionScope$1.accept(InteractionScope.java:41)
	at org.spockframework.mock.runtime.MockController.handle(MockController.java:39)
	at org.spockframework.mock.runtime.JavaMockInterceptor.intercept(JavaMockInterceptor.java:74)
	at org.spockframework.mock.runtime.CglibMockInterceptorAdapter.intercept(CglibMockInterceptorAdapter.java:30)
	at au.org.ala.ecodata.CollectoryService$$EnhancerByCGLIB$$6ccd0508.createInstitution(<generated>)
	at au.org.ala.ecodata.CollectoryService$createInstitution.call(Unknown Source)
	at au.org.ala.ecodata.OrganisationService.createCollectoryInstitution(OrganisationService.groovy:80)
	at sun.reflect.NativeMethodAccessorImpl.invoke0(Native Method)
	at sun.reflect.NativeMethodAccessorImpl.invoke(NativeMethodAccessorImpl.java:62)
	at sun.reflect.DelegatingMethodAccessorImpl.invoke(DelegatingMethodAccessorImpl.java:43)
	at java.lang.reflect.Method.invoke(Method.java:498)
	at org.codehaus.groovy.runtime.callsite.PogoMetaMethodSite$PogoCachedMethodSiteNoUnwrapNoCoerce.invoke(PogoMetaMethodSite.java:210)
	at org.codehaus.groovy.runtime.callsite.PogoMetaMethodSite.callCurrent(PogoMetaMethodSite.java:59)
	at org.codehaus.groovy.runtime.callsite.AbstractCallSite.callCurrent(AbstractCallSite.java:169)
	at au.org.ala.ecodata.OrganisationService.create(OrganisationService.groovy:49)
	at au.org.ala.ecodata.OrganisationService.create(OrganisationService.groovy)
	at au.org.ala.ecodata.OrganisationService$create.call(Unknown Source)
	at org.codehaus.groovy.runtime.callsite.CallSiteArray.defaultCall(CallSiteArray.java:47)
	at org.codehaus.groovy.runtime.callsite.AbstractCallSite.call(AbstractCallSite.java:116)
	at org.codehaus.groovy.runtime.callsite.AbstractCallSite.call(AbstractCallSite.java:128)
	at au.org.ala.ecodata.OrganisationServiceSpec$__spock_feature_0_1_closure4.doCall(OrganisationServiceSpec.groovy:73)
	at sun.reflect.NativeMethodAccessorImpl.invoke0(Native Method)
	at sun.reflect.NativeMethodAccessorImpl.invoke(NativeMethodAccessorImpl.java:62)
	at sun.reflect.DelegatingMethodAccessorImpl.invoke(DelegatingMethodAccessorImpl.java:43)
	at java.lang.reflect.Method.invoke(Method.java:498)
	at org.codehaus.groovy.reflection.CachedMethod.invoke(CachedMethod.java:98)
	at groovy.lang.MetaMethod.doMethodInvoke(MetaMethod.java:325)
	at org.codehaus.groovy.runtime.metaclass.ClosureMetaClass.invokeMethod(ClosureMetaClass.java:264)
	at groovy.lang.MetaClassImpl.invokeMethod(MetaClassImpl.java:1034)
	at groovy.lang.Closure.call(Closure.java:420)
	at groovy.lang.Closure.call(Closure.java:436)
	at grails.gorm.transactions.GrailsTransactionTemplate$2.doInTransaction(GrailsTransactionTemplate.groovy:94)
	at org.springframework.transaction.support.TransactionTemplate.execute(TransactionTemplate.java:133)
	at grails.gorm.transactions.GrailsTransactionTemplate.execute(GrailsTransactionTemplate.groovy:91)
	at org.grails.datastore.gorm.GormStaticApi.withTransaction(GormStaticApi.groovy:1014)
	at org.grails.datastore.gorm.GormStaticApi.withTransaction(GormStaticApi.groovy:966)
	at org.grails.datastore.gorm.GormStaticApi.withNewTransaction(GormStaticApi.groovy:927)
	at org.grails.datastore.gorm.GormEntity$Trait$Helper.withNewTransaction(GormEntity.groovy:952)
	at org.grails.datastore.gorm.GormEntity$Trait$Helper$withNewTransaction$7.call(Unknown Source)
	at org.codehaus.groovy.runtime.callsite.CallSiteArray.defaultCall(CallSiteArray.java:47)
	at org.grails.datastore.gorm.GormEntity$Trait$Helper$withNewTransaction$7.call(Unknown Source)
	at au.org.ala.ecodata.Organisation.withNewTransaction(Organisation.groovy)
	at au.org.ala.ecodata.Organisation$withNewTransaction.call(Unknown Source)
	at org.codehaus.groovy.runtime.callsite.CallSiteArray.defaultCall(CallSiteArray.java:47)
	at org.codehaus.groovy.runtime.callsite.AbstractCallSite.call(AbstractCallSite.java:116)
	at org.codehaus.groovy.runtime.callsite.AbstractCallSite.call(AbstractCallSite.java:128)
	at au.org.ala.ecodata.OrganisationServiceSpec.$spock_feature_0_1(OrganisationServiceSpec.groovy:72)
	at sun.reflect.NativeMethodAccessorImpl.invoke0(Native Method)
	at sun.reflect.NativeMethodAccessorImpl.invoke(NativeMethodAccessorImpl.java:62)
	at sun.reflect.DelegatingMethodAccessorImpl.invoke(DelegatingMethodAccessorImpl.java:43)
	at java.lang.reflect.Method.invoke(Method.java:498)
	at org.spockframework.util.ReflectionUtil.invokeMethod(ReflectionUtil.java:188)
	at org.spockframework.runtime.model.MethodInfo.invoke(MethodInfo.java:84)
	at org.spockframework.runtime.BaseSpecRunner.invokeRaw(BaseSpecRunner.java:481)
	at org.spockframework.runtime.BaseSpecRunner.invoke(BaseSpecRunner.java:464)
	at org.spockframework.runtime.BaseSpecRunner.runFeatureMethod(BaseSpecRunner.java:406)
	at org.spockframework.runtime.BaseSpecRunner.doRunIteration(BaseSpecRunner.java:324)
	at org.spockframework.runtime.BaseSpecRunner$6.invoke(BaseSpecRunner.java:309)
	at org.spockframework.runtime.BaseSpecRunner.invokeRaw(BaseSpecRunner.java:481)
	at org.spockframework.runtime.BaseSpecRunner.invoke(BaseSpecRunner.java:464)
	at org.spockframework.runtime.BaseSpecRunner.runIteration(BaseSpecRunner.java:288)
	at org.spockframework.runtime.BaseSpecRunner.initializeAndRunIteration(BaseSpecRunner.java:278)
	at org.spockframework.runtime.BaseSpecRunner.runSimpleFeature(BaseSpecRunner.java:269)
	at org.spockframework.runtime.BaseSpecRunner.doRunFeature(BaseSpecRunner.java:263)
	at org.spockframework.runtime.BaseSpecRunner$5.invoke(BaseSpecRunner.java:246)
	at org.spockframework.runtime.BaseSpecRunner.invokeRaw(BaseSpecRunner.java:481)
	at org.spockframework.runtime.BaseSpecRunner.invoke(BaseSpecRunner.java:464)
	at org.spockframework.runtime.BaseSpecRunner.runFeature(BaseSpecRunner.java:238)
	at org.spockframework.runtime.BaseSpecRunner.runFeatures(BaseSpecRunner.java:188)
	at org.spockframework.runtime.BaseSpecRunner.doRunSpec(BaseSpecRunner.java:98)
	at org.spockframework.runtime.BaseSpecRunner$1.invoke(BaseSpecRunner.java:84)
	at org.spockframework.runtime.BaseSpecRunner.invokeRaw(BaseSpecRunner.java:481)
	at org.spockframework.runtime.BaseSpecRunner.invoke(BaseSpecRunner.java:464)
	at org.spockframework.runtime.BaseSpecRunner.runSpec(BaseSpecRunner.java:76)
	at org.spockframework.runtime.BaseSpecRunner.run(BaseSpecRunner.java:67)
	at org.spockframework.runtime.Sputnik.run(Sputnik.java:63)
	at org.gradle.api.internal.tasks.testing.junit.JUnitTestClassExecuter.runTestClass(JUnitTestClassExecuter.java:114)
	at org.gradle.api.internal.tasks.testing.junit.JUnitTestClassExecuter.execute(JUnitTestClassExecuter.java:57)
	at org.gradle.api.internal.tasks.testing.junit.JUnitTestClassProcessor.processTestClass(JUnitTestClassProcessor.java:66)
	at org.gradle.api.internal.tasks.testing.SuiteTestClassProcessor.processTestClass(SuiteTestClassProcessor.java:51)
	at sun.reflect.NativeMethodAccessorImpl.invoke0(Native Method)
	at sun.reflect.NativeMethodAccessorImpl.invoke(NativeMethodAccessorImpl.java:62)
	at sun.reflect.DelegatingMethodAccessorImpl.invoke(DelegatingMethodAccessorImpl.java:43)
	at java.lang.reflect.Method.invoke(Method.java:498)
	at org.gradle.internal.dispatch.ReflectionDispatch.dispatch(ReflectionDispatch.java:35)
	at org.gradle.internal.dispatch.ReflectionDispatch.dispatch(ReflectionDispatch.java:24)
	at org.gradle.internal.dispatch.ContextClassLoaderDispatch.dispatch(ContextClassLoaderDispatch.java:32)
	at org.gradle.internal.dispatch.ProxyDispatchAdapter$DispatchingInvocationHandler.invoke(ProxyDispatchAdapter.java:93)
	at com.sun.proxy.$Proxy3.processTestClass(Unknown Source)
	at org.gradle.api.internal.tasks.testing.worker.TestWorker.processTestClass(TestWorker.java:109)
	at sun.reflect.NativeMethodAccessorImpl.invoke0(Native Method)
	at sun.reflect.NativeMethodAccessorImpl.invoke(NativeMethodAccessorImpl.java:62)
	at sun.reflect.DelegatingMethodAccessorImpl.invoke(DelegatingMethodAccessorImpl.java:43)
	at java.lang.reflect.Method.invoke(Method.java:498)
	at org.gradle.internal.dispatch.ReflectionDispatch.dispatch(ReflectionDispatch.java:35)
	at org.gradle.internal.dispatch.ReflectionDispatch.dispatch(ReflectionDispatch.java:24)
	at org.gradle.internal.remote.internal.hub.MessageHubBackedObjectConnection$DispatchWrapper.dispatch(MessageHubBackedObjectConnection.java:147)
	at org.gradle.internal.remote.internal.hub.MessageHubBackedObjectConnection$DispatchWrapper.dispatch(MessageHubBackedObjectConnection.java:129)
	at org.gradle.internal.remote.internal.hub.MessageHub$Handler.run(MessageHub.java:404)
	at org.gradle.internal.concurrent.ExecutorPolicy$CatchAndRecordFailures.onExecute(ExecutorPolicy.java:63)
	at org.gradle.internal.concurrent.StoppableExecutorImpl$1.run(StoppableExecutorImpl.java:46)
	at java.util.concurrent.ThreadPoolExecutor.runWorker(ThreadPoolExecutor.java:1149)
	at java.util.concurrent.ThreadPoolExecutor$Worker.run(ThreadPoolExecutor.java:624)
	at java.lang.Thread.run(Thread.java:748)

2020-02-05 12:09:44.432 DEBUG --- [    Test worker] au.org.ala.ecodata.CommonService         : updating name to another test org
2020-02-05 12:09:44.432 DEBUG --- [    Test worker] au.org.ala.ecodata.CommonService         : updating description to another test org description
2020-02-05 12:09:44.447 ERROR --- [    Test worker] au.org.ala.ecodata.OrganisationService   : Error creating organisation - Validation error occurred during call to save():
- Field error in object 'au.org.ala.ecodata.Organisation' on field 'name': rejected value [null]; codes [au.org.ala.ecodata.Organisation.name.nullable.error.au.org.ala.ecodata.Organisation.name,au.org.ala.ecodata.Organisation.name.nullable.error.name,au.org.ala.ecodata.Organisation.name.nullable.error.java.lang.String,au.org.ala.ecodata.Organisation.name.nullable.error,organisation.name.nullable.error.au.org.ala.ecodata.Organisation.name,organisation.name.nullable.error.name,organisation.name.nullable.error.java.lang.String,organisation.name.nullable.error,au.org.ala.ecodata.Organisation.name.nullable.au.org.ala.ecodata.Organisation.name,au.org.ala.ecodata.Organisation.name.nullable.name,au.org.ala.ecodata.Organisation.name.nullable.java.lang.String,au.org.ala.ecodata.Organisation.name.nullable,organisation.name.nullable.au.org.ala.ecodata.Organisation.name,organisation.name.nullable.name,organisation.name.nullable.java.lang.String,organisation.name.nullable,nullable.au.org.ala.ecodata.Organisation.name,nullable.name,nullable.java.lang.String,nullable]; arguments [name,class au.org.ala.ecodata.Organisation]; default message [Property [{0}] of class [{1}] cannot be null]


grails.validation.ValidationException: Validation error occurred during call to save():
- Field error in object 'au.org.ala.ecodata.Organisation' on field 'name': rejected value [null]; codes [au.org.ala.ecodata.Organisation.name.nullable.error.au.org.ala.ecodata.Organisation.name,au.org.ala.ecodata.Organisation.name.nullable.error.name,au.org.ala.ecodata.Organisation.name.nullable.error.java.lang.String,au.org.ala.ecodata.Organisation.name.nullable.error,organisation.name.nullable.error.au.org.ala.ecodata.Organisation.name,organisation.name.nullable.error.name,organisation.name.nullable.error.java.lang.String,organisation.name.nullable.error,au.org.ala.ecodata.Organisation.name.nullable.au.org.ala.ecodata.Organisation.name,au.org.ala.ecodata.Organisation.name.nullable.name,au.org.ala.ecodata.Organisation.name.nullable.java.lang.String,au.org.ala.ecodata.Organisation.name.nullable,organisation.name.nullable.au.org.ala.ecodata.Organisation.name,organisation.name.nullable.name,organisation.name.nullable.java.lang.String,organisation.name.nullable,nullable.au.org.ala.ecodata.Organisation.name,nullable.name,nullable.java.lang.String,nullable]; arguments [name,class au.org.ala.ecodata.Organisation]; default message [Property [{0}] of class [{1}] cannot be null]

	at sun.reflect.NativeConstructorAccessorImpl.newInstance0(Native Method)
	at sun.reflect.NativeConstructorAccessorImpl.newInstance(NativeConstructorAccessorImpl.java:62)
	at sun.reflect.DelegatingConstructorAccessorImpl.newInstance(DelegatingConstructorAccessorImpl.java:45)
	at java.lang.reflect.Constructor.newInstance(Constructor.java:423)
	at org.codehaus.groovy.reflection.CachedConstructor.invoke(CachedConstructor.java:83)
	at org.codehaus.groovy.reflection.CachedConstructor.doConstructorInvoke(CachedConstructor.java:77)
	at groovy.lang.MetaClassImpl.invokeConstructor(MetaClassImpl.java:1725)
	at groovy.lang.MetaClassImpl.invokeConstructor(MetaClassImpl.java:1549)
	at org.codehaus.groovy.runtime.InvokerHelper.invokeConstructorOf(InvokerHelper.java:978)
	at org.codehaus.groovy.runtime.DefaultGroovyMethods.newInstance(DefaultGroovyMethods.java:15861)
	at org.grails.datastore.gorm.GormInstanceApi.doSave(GormInstanceApi.groovy:353)
	at org.grails.datastore.gorm.GormInstanceApi.doSave(GormInstanceApi.groovy)
	at sun.reflect.GeneratedMethodAccessor198.invoke(Unknown Source)
	at sun.reflect.DelegatingMethodAccessorImpl.invoke(DelegatingMethodAccessorImpl.java:43)
	at java.lang.reflect.Method.invoke(Method.java:498)
	at org.codehaus.groovy.reflection.CachedMethod.invoke(CachedMethod.java:98)
	at groovy.lang.MetaMethod.doMethodInvoke(MetaMethod.java:325)
	at groovy.lang.MetaClassImpl.invokeMethod(MetaClassImpl.java:1225)
	at groovy.lang.MetaClassImpl.invokeMethod(MetaClassImpl.java:1034)
	at org.codehaus.groovy.runtime.InvokerHelper.invokePogoMethod(InvokerHelper.java:947)
	at org.codehaus.groovy.runtime.InvokerHelper.invokeMethod(InvokerHelper.java:930)
	at org.codehaus.groovy.runtime.InvokerHelper.invokeMethodSafe(InvokerHelper.java:92)
	at org.grails.datastore.gorm.GormInstanceApi$_save_closure5.doCall(GormInstanceApi.groovy:180)
	at sun.reflect.GeneratedMethodAccessor197.invoke(Unknown Source)
	at sun.reflect.DelegatingMethodAccessorImpl.invoke(DelegatingMethodAccessorImpl.java:43)
	at java.lang.reflect.Method.invoke(Method.java:498)
	at org.codehaus.groovy.reflection.CachedMethod.invoke(CachedMethod.java:98)
	at groovy.lang.MetaMethod.doMethodInvoke(MetaMethod.java:325)
	at org.codehaus.groovy.runtime.metaclass.ClosureMetaClass.invokeMethod(ClosureMetaClass.java:264)
	at groovy.lang.MetaClassImpl.invokeMethod(MetaClassImpl.java:1034)
	at groovy.lang.Closure.call(Closure.java:420)
	at org.codehaus.groovy.runtime.ConvertedClosure.invokeCustom(ConvertedClosure.java:54)
	at org.codehaus.groovy.runtime.ConversionHandler.invoke(ConversionHandler.java:124)
	at com.sun.proxy.$Proxy63.doInSession(Unknown Source)
	at org.grails.datastore.mapping.core.DatastoreUtils.execute(DatastoreUtils.java:319)
	at org.grails.datastore.gorm.AbstractDatastoreApi.execute(AbstractDatastoreApi.groovy:40)
	at org.grails.datastore.gorm.GormInstanceApi.save(GormInstanceApi.groovy:179)
	at org.grails.datastore.gorm.GormEntity$Trait$Helper.save(GormEntity.groovy:151)
	at org.grails.datastore.gorm.GormEntity$Trait$Helper$save$1.call(Unknown Source)
	at au.org.ala.ecodata.Organisation.save(Organisation.groovy)
	at au.org.ala.ecodata.Organisation.save(Organisation.groovy)
	at org.grails.datastore.gorm.GormEntity$save.call(Unknown Source)
	at au.org.ala.ecodata.OrganisationService.create(OrganisationService.groovy:53)
	at au.org.ala.ecodata.OrganisationService.create(OrganisationService.groovy)
	at au.org.ala.ecodata.OrganisationService$create.call(Unknown Source)
	at org.codehaus.groovy.runtime.callsite.CallSiteArray.defaultCall(CallSiteArray.java:47)
	at org.codehaus.groovy.runtime.callsite.AbstractCallSite.call(AbstractCallSite.java:116)
	at org.codehaus.groovy.runtime.callsite.AbstractCallSite.call(AbstractCallSite.java:128)
	at au.org.ala.ecodata.OrganisationServiceSpec.$spock_feature_0_2(OrganisationServiceSpec.groovy:90)
	at sun.reflect.NativeMethodAccessorImpl.invoke0(Native Method)
	at sun.reflect.NativeMethodAccessorImpl.invoke(NativeMethodAccessorImpl.java:62)
	at sun.reflect.DelegatingMethodAccessorImpl.invoke(DelegatingMethodAccessorImpl.java:43)
	at java.lang.reflect.Method.invoke(Method.java:498)
	at org.spockframework.util.ReflectionUtil.invokeMethod(ReflectionUtil.java:188)
	at org.spockframework.runtime.model.MethodInfo.invoke(MethodInfo.java:84)
	at org.spockframework.runtime.BaseSpecRunner.invokeRaw(BaseSpecRunner.java:481)
	at org.spockframework.runtime.BaseSpecRunner.invoke(BaseSpecRunner.java:464)
	at org.spockframework.runtime.BaseSpecRunner.runFeatureMethod(BaseSpecRunner.java:406)
	at org.spockframework.runtime.BaseSpecRunner.doRunIteration(BaseSpecRunner.java:324)
	at org.spockframework.runtime.BaseSpecRunner$6.invoke(BaseSpecRunner.java:309)
	at org.spockframework.runtime.BaseSpecRunner.invokeRaw(BaseSpecRunner.java:481)
	at org.spockframework.runtime.BaseSpecRunner.invoke(BaseSpecRunner.java:464)
	at org.spockframework.runtime.BaseSpecRunner.runIteration(BaseSpecRunner.java:288)
	at org.spockframework.runtime.BaseSpecRunner.initializeAndRunIteration(BaseSpecRunner.java:278)
	at org.spockframework.runtime.BaseSpecRunner.runSimpleFeature(BaseSpecRunner.java:269)
	at org.spockframework.runtime.BaseSpecRunner.doRunFeature(BaseSpecRunner.java:263)
	at org.spockframework.runtime.BaseSpecRunner$5.invoke(BaseSpecRunner.java:246)
	at org.spockframework.runtime.BaseSpecRunner.invokeRaw(BaseSpecRunner.java:481)
	at org.spockframework.runtime.BaseSpecRunner.invoke(BaseSpecRunner.java:464)
	at org.spockframework.runtime.BaseSpecRunner.runFeature(BaseSpecRunner.java:238)
	at org.spockframework.runtime.BaseSpecRunner.runFeatures(BaseSpecRunner.java:188)
	at org.spockframework.runtime.BaseSpecRunner.doRunSpec(BaseSpecRunner.java:98)
	at org.spockframework.runtime.BaseSpecRunner$1.invoke(BaseSpecRunner.java:84)
	at org.spockframework.runtime.BaseSpecRunner.invokeRaw(BaseSpecRunner.java:481)
	at org.spockframework.runtime.BaseSpecRunner.invoke(BaseSpecRunner.java:464)
	at org.spockframework.runtime.BaseSpecRunner.runSpec(BaseSpecRunner.java:76)
	at org.spockframework.runtime.BaseSpecRunner.run(BaseSpecRunner.java:67)
	at org.spockframework.runtime.Sputnik.run(Sputnik.java:63)
	at org.gradle.api.internal.tasks.testing.junit.JUnitTestClassExecuter.runTestClass(JUnitTestClassExecuter.java:114)
	at org.gradle.api.internal.tasks.testing.junit.JUnitTestClassExecuter.execute(JUnitTestClassExecuter.java:57)
	at org.gradle.api.internal.tasks.testing.junit.JUnitTestClassProcessor.processTestClass(JUnitTestClassProcessor.java:66)
	at org.gradle.api.internal.tasks.testing.SuiteTestClassProcessor.processTestClass(SuiteTestClassProcessor.java:51)
	at sun.reflect.NativeMethodAccessorImpl.invoke0(Native Method)
	at sun.reflect.NativeMethodAccessorImpl.invoke(NativeMethodAccessorImpl.java:62)
	at sun.reflect.DelegatingMethodAccessorImpl.invoke(DelegatingMethodAccessorImpl.java:43)
	at java.lang.reflect.Method.invoke(Method.java:498)
	at org.gradle.internal.dispatch.ReflectionDispatch.dispatch(ReflectionDispatch.java:35)
	at org.gradle.internal.dispatch.ReflectionDispatch.dispatch(ReflectionDispatch.java:24)
	at org.gradle.internal.dispatch.ContextClassLoaderDispatch.dispatch(ContextClassLoaderDispatch.java:32)
	at org.gradle.internal.dispatch.ProxyDispatchAdapter$DispatchingInvocationHandler.invoke(ProxyDispatchAdapter.java:93)
	at com.sun.proxy.$Proxy3.processTestClass(Unknown Source)
	at org.gradle.api.internal.tasks.testing.worker.TestWorker.processTestClass(TestWorker.java:109)
	at sun.reflect.NativeMethodAccessorImpl.invoke0(Native Method)
	at sun.reflect.NativeMethodAccessorImpl.invoke(NativeMethodAccessorImpl.java:62)
	at sun.reflect.DelegatingMethodAccessorImpl.invoke(DelegatingMethodAccessorImpl.java:43)
	at java.lang.reflect.Method.invoke(Method.java:498)
	at org.gradle.internal.dispatch.ReflectionDispatch.dispatch(ReflectionDispatch.java:35)
	at org.gradle.internal.dispatch.ReflectionDispatch.dispatch(ReflectionDispatch.java:24)
	at org.gradle.internal.remote.internal.hub.MessageHubBackedObjectConnection$DispatchWrapper.dispatch(MessageHubBackedObjectConnection.java:147)
	at org.gradle.internal.remote.internal.hub.MessageHubBackedObjectConnection$DispatchWrapper.dispatch(MessageHubBackedObjectConnection.java:129)
	at org.gradle.internal.remote.internal.hub.MessageHub$Handler.run(MessageHub.java:404)
	at org.gradle.internal.concurrent.ExecutorPolicy$CatchAndRecordFailures.onExecute(ExecutorPolicy.java:63)
	at org.gradle.internal.concurrent.StoppableExecutorImpl$1.run(StoppableExecutorImpl.java:46)
	at java.util.concurrent.ThreadPoolExecutor.runWorker(ThreadPoolExecutor.java:1149)
	at java.util.concurrent.ThreadPoolExecutor$Worker.run(ThreadPoolExecutor.java:624)
	at java.lang.Thread.run(Thread.java:748)

2020-02-05 12:09:44.453  INFO --- [    Test worker] o.s.w.c.s.GenericWebApplicationContext   : Closing org.springframework.web.context.support.GenericWebApplicationContext@52888aad: startup date [Wed Feb 05 12:09:43 UTC 2020]; root of context hierarchy
]]></system-out>
  <system-err><![CDATA[]]></system-err>
</testsuite>
