<?xml version="1.0" encoding="UTF-8"?>
<testsuite name="au.org.ala.ecodata.ManagementUnitServiceSpec" tests="2" skipped="0" failures="0" errors="0" timestamp="2020-02-05T12:10:09" hostname="canmove-dev" time="0.535">
  <properties/>
  <testcase name="find an existing mu" classname="au.org.ala.ecodata.ManagementUnitServiceSpec" time="0.478"/>
  <testcase name="The service can produce a FeatureCollection containing the management unit sites" classname="au.org.ala.ecodata.ManagementUnitServiceSpec" time="0.057"/>
  <system-out><![CDATA[[ecodata] Logging to /tmp
[ecodata] Logging to /tmp
2020-02-05 12:10:09.442  INFO --- [    Test worker] o.s.w.c.s.GenericWebApplicationContext   : Refreshing org.springframework.web.context.support.GenericWebApplicationContext@2dd32906: startup date [Wed Feb 05 12:10:09 UTC 2020]; root of context hierarchy
2020-02-05 12:10:09.618  WARN --- [    Test worker] figurationPropertiesBindingPostProcessor : Multiple PropertySourcesPlaceholderConfigurer beans registered [grailsPlaceholderConfigurer, propertySourcesPlaceholderConfigurer], falling back to Environment
2020-02-05 12:10:09.619  INFO --- [    Test worker] trationDelegate$BeanPostProcessorChecker : Bean 'conversionService' of type [org.springframework.context.support.ConversionServiceFactoryBean] is not eligible for getting processed by all BeanPostProcessors (for example: not eligible for auto-proxying)
2020-02-05 12:10:09.619  INFO --- [    Test worker] trationDelegate$BeanPostProcessorChecker : Bean 'conversionService' of type [org.springframework.core.convert.support.DefaultConversionService] is not eligible for getting processed by all BeanPostProcessors (for example: not eligible for auto-proxying)
2020-02-05 12:10:09.739  INFO --- [    Test worker] o.s.w.c.s.GenericWebApplicationContext   : Closing org.springframework.web.context.support.GenericWebApplicationContext@2dd32906: startup date [Wed Feb 05 12:10:09 UTC 2020]; root of context hierarchy
]]></system-out>
  <system-err><![CDATA[]]></system-err>
</testsuite>
