<?xml version="1.0" encoding="UTF-8"?>
<testsuite name="au.org.ala.ecodata.ActivityFormServiceSpec" tests="3" skipped="0" failures="0" errors="0" timestamp="2020-02-05T12:10:07" hostname="canmove-dev" time="0.079">
  <properties/>
  <testcase name="Activity forms cannot be saved without the mandatory fields" classname="au.org.ala.ecodata.ActivityFormServiceSpec" time="0.035"/>
  <testcase name="Form templates must be validated for correct index fields" classname="au.org.ala.ecodata.ActivityFormServiceSpec" time="0.042"/>
  <testcase name="Index errors will be reported if validation fails" classname="au.org.ala.ecodata.ActivityFormServiceSpec" time="0.002"/>
  <system-out><![CDATA[[ecodata] Logging to /tmp
2020-02-05 12:10:07.514  INFO --- [    Test worker] o.s.w.c.s.GenericWebApplicationContext   : Refreshing org.springframework.web.context.support.GenericWebApplicationContext@61a99179: startup date [Wed Feb 05 12:10:07 UTC 2020]; root of context hierarchy
2020-02-05 12:10:07.740  WARN --- [    Test worker] figurationPropertiesBindingPostProcessor : Multiple PropertySourcesPlaceholderConfigurer beans registered [grailsPlaceholderConfigurer, propertySourcesPlaceholderConfigurer], falling back to Environment
2020-02-05 12:10:07.741  INFO --- [    Test worker] trationDelegate$BeanPostProcessorChecker : Bean 'conversionService' of type [org.springframework.context.support.ConversionServiceFactoryBean] is not eligible for getting processed by all BeanPostProcessors (for example: not eligible for auto-proxying)
2020-02-05 12:10:07.741  INFO --- [    Test worker] trationDelegate$BeanPostProcessorChecker : Bean 'conversionService' of type [org.springframework.core.convert.support.DefaultConversionService] is not eligible for getting processed by all BeanPostProcessors (for example: not eligible for auto-proxying)
2020-02-05 12:10:07.912  INFO --- [    Test worker] o.s.w.c.s.GenericWebApplicationContext   : Closing org.springframework.web.context.support.GenericWebApplicationContext@61a99179: startup date [Wed Feb 05 12:10:07 UTC 2020]; root of context hierarchy
]]></system-out>
  <system-err><![CDATA[]]></system-err>
</testsuite>
