<?xml version="1.0" encoding="UTF-8"?>
<testsuite name="au.org.ala.ecodata.reporting.GroupingAggregatorSpec" tests="3" skipped="0" failures="0" errors="0" timestamp="2020-02-05T12:09:46" hostname="canmove-dev" time="0.03">
  <properties/>
  <testcase name="multiple aggregrations can be performed on grouped data" classname="au.org.ala.ecodata.reporting.GroupingAggregatorSpec" time="0.021"/>
  <testcase name="child aggregations are not required if only a count is needed" classname="au.org.ala.ecodata.reporting.GroupingAggregatorSpec" time="0.003"/>
  <testcase name="the grouping value can be a list" classname="au.org.ala.ecodata.reporting.GroupingAggregatorSpec" time="0.006"/>
  <system-out><![CDATA[]]></system-out>
  <system-err><![CDATA[]]></system-err>
</testsuite>
