<?xml version="1.0" encoding="UTF-8"?>
<testsuite name="au.org.ala.ecodata.IdentifierHelperSpec" tests="1" skipped="0" failures="0" errors="0" timestamp="2020-02-05T12:09:58" hostname="canmove-dev" time="0.03">
  <properties/>
  <testcase name="the associated projectId for a domain object should be obtained if possible" classname="au.org.ala.ecodata.IdentifierHelperSpec" time="0.03"/>
  <system-out><![CDATA[]]></system-out>
  <system-err><![CDATA[]]></system-err>
</testsuite>
